May 10, 2021 21:43:36.855 [0x7fa85c7ff700] INFO - Plex Tuner Service v1.0.0.0 - Docker Docker Container (LinuxServer.io) x86_64 - build: 
May 10, 2021 21:43:36.856 [0x7fa85c7ff700] INFO - Linux version: 5.10.25-linuxkit (#1 SMP Tue Mar 23 09:27:39 UTC 2021), language: en-US
May 10, 2021 21:43:36.857 [0x7fa85c7ff700] INFO - Processor Intel(R) Core(TM) i7-9750H CPU @ 2.60GHz
May 10, 2021 21:43:36.858 [0x7fa85c7ff700] INFO - /usr/lib/plexmediaserver/Plex Tuner Service /usr/lib/plexmediaserver/Resources/Tuner/Private /usr/lib/plexmediaserver/Resources/Tuner/Shared 1.22.3.4392-d7c624def 32600
May 10, 2021 21:43:36.829 [0x7fa85caed740] INFO - [I] broker_t::start...
May 10, 2021 21:43:36.836 [0x7fa85caed740] INFO - [I] device_manager_t::init.
May 10, 2021 21:43:36.836 [0x7fa85caed740] INFO - [I] device_manager_t::init. Initialize provider manager
May 10, 2021 21:43:36.836 [0x7fa85caed740] INFO - [I] device_manager_t::init. Initialize all device auxes
May 10, 2021 21:43:36.836 [0x7fa85caed740] INFO - [I] dvb_device_factory_t::get_aux_list
May 10, 2021 21:43:36.836 [0x7fa85caed740] INFO - [I] tvbutler_aux_t::init
May 10, 2021 21:43:36.838 [0x7fa85caed740] INFO - [I] web_server_t::start. Starting web server on port 32600
May 10, 2021 21:43:45.252 [0x7fa85b7fd700] INFO - [I] web_service_t::process_device_discovery
May 10, 2021 21:43:45.252 [0x7fa85b7fd700] INFO - [I] device_reactor_t::get_device_list ()
May 10, 2021 21:43:45.253 [0x7fa85b7fd700] INFO - [I] dvb_device_factory_t::get_device_list ()
May 10, 2021 21:43:47.274 [0x7fa85b7fd700] INFO - [I] SAT2IP - discover_satip_servers(): no servers found
May 10, 2021 21:43:47.695 [0x7fa85b7fd700] INFO - [I] v4l::DeviceGetList_impl. getting v4l device list
May 10, 2021 21:43:47.697 [0x7fa85b7fd700] INFO - [I] onetv_factory::DeviceGetListEx >>
May 10, 2021 21:43:47.697 [0x7fa85b7fd700] WARN - [W] onetv_factory::DeviceGetListEx. libusb_init returned an error -99
May 10, 2021 21:43:47.928 [0x7fa85caed740] INFO - Received SIGINT: Interrupt from keyboard.
May 10, 2021 21:43:47.968 [0x7fa85caed740] INFO - [I] device_manager_t::term
May 10, 2021 21:43:47.969 [0x7fa85caed740] INFO - [I] device_manager_t::term. Stop all devices
May 10, 2021 21:43:47.969 [0x7fa85caed740] INFO - [I] device_manager_t::term. Shut down all device auxes
