May 06, 2021 10:37:10.663 [0x7f911d93a700] INFO - Plex Tuner Service v1.0.0.0 - Docker Docker Container (LinuxServer.io) x86_64 - build: 
May 06, 2021 10:37:10.665 [0x7f911d93a700] INFO - Linux version: 5.10.25-linuxkit (#1 SMP Tue Mar 23 09:27:39 UTC 2021), language: en-US
May 06, 2021 10:37:10.666 [0x7f911d93a700] INFO - Processor Intel(R) Core(TM) i7-9750H CPU @ 2.60GHz
May 06, 2021 10:37:10.667 [0x7f911d93a700] INFO - /usr/lib/plexmediaserver/Plex Tuner Service /usr/lib/plexmediaserver/Resources/Tuner/Private /usr/lib/plexmediaserver/Resources/Tuner/Shared 1.22.3.4392-d7c624def 32600
May 06, 2021 10:37:10.604 [0x7f911dc28740] INFO - [I] broker_t::start...
May 06, 2021 10:37:10.622 [0x7f911dc28740] INFO - [I] device_manager_t::init.
May 06, 2021 10:37:10.622 [0x7f911dc28740] INFO - [I] device_manager_t::init. Initialize provider manager
May 06, 2021 10:37:10.622 [0x7f911dc28740] INFO - [I] device_manager_t::init. Initialize all device auxes
May 06, 2021 10:37:10.622 [0x7f911dc28740] INFO - [I] dvb_device_factory_t::get_aux_list
May 06, 2021 10:37:10.622 [0x7f911dc28740] INFO - [I] tvbutler_aux_t::init
May 06, 2021 10:37:10.628 [0x7f911dc28740] INFO - [I] web_server_t::start. Starting web server on port 32600
May 06, 2021 10:37:18.637 [0x7f911c938700] INFO - [I] web_service_t::process_device_discovery
May 06, 2021 10:37:18.637 [0x7f911c938700] INFO - [I] device_reactor_t::get_device_list ()
May 06, 2021 10:37:18.637 [0x7f911c938700] INFO - [I] dvb_device_factory_t::get_device_list ()
May 06, 2021 10:37:20.653 [0x7f911c938700] INFO - [I] SAT2IP - discover_satip_servers(): no servers found
May 06, 2021 10:37:21.099 [0x7f911c938700] INFO - [I] v4l::DeviceGetList_impl. getting v4l device list
May 06, 2021 10:37:21.108 [0x7f911c938700] INFO - [I] onetv_factory::DeviceGetListEx >>
May 06, 2021 10:37:21.109 [0x7f911c938700] WARN - [W] onetv_factory::DeviceGetListEx. libusb_init returned an error -99
May 06, 2021 10:40:17.945 [0x7f911dc28740] INFO - Received SIGINT: Interrupt from keyboard.
May 06, 2021 10:40:17.960 [0x7f911dc28740] INFO - [I] device_manager_t::term
