May 11, 2021 21:49:24.260 [0x7ff364f0e700] INFO - Plex Tuner Service v1.0.0.0 - Docker Docker Container (LinuxServer.io) x86_64 - build: 
May 11, 2021 21:49:24.262 [0x7ff364f0e700] INFO - Linux version: 5.10.25-linuxkit (#1 SMP Tue Mar 23 09:27:39 UTC 2021), language: en-US
May 11, 2021 21:49:24.263 [0x7ff364f0e700] INFO - Processor Intel(R) Core(TM) i7-9750H CPU @ 2.60GHz
May 11, 2021 21:49:24.267 [0x7ff364f0e700] INFO - /usr/lib/plexmediaserver/Plex Tuner Service /usr/lib/plexmediaserver/Resources/Tuner/Private /usr/lib/plexmediaserver/Resources/Tuner/Shared 1.22.3.4392-d7c624def 32600
May 11, 2021 21:49:24.208 [0x7ff3651fc740] INFO - [I] broker_t::start...
May 11, 2021 21:49:24.214 [0x7ff3651fc740] INFO - [I] device_manager_t::init.
May 11, 2021 21:49:24.214 [0x7ff3651fc740] INFO - [I] device_manager_t::init. Initialize provider manager
May 11, 2021 21:49:24.214 [0x7ff3651fc740] INFO - [I] device_manager_t::init. Initialize all device auxes
May 11, 2021 21:49:24.215 [0x7ff3651fc740] INFO - [I] dvb_device_factory_t::get_aux_list
May 11, 2021 21:49:24.215 [0x7ff3651fc740] INFO - [I] tvbutler_aux_t::init
May 11, 2021 21:49:24.234 [0x7ff3651fc740] INFO - [I] web_server_t::start. Starting web server on port 32600
May 11, 2021 21:49:32.288 [0x7ff35f7fe700] INFO - [I] web_service_t::process_device_discovery
May 11, 2021 21:49:32.288 [0x7ff35f7fe700] INFO - [I] device_reactor_t::get_device_list ()
May 11, 2021 21:49:32.288 [0x7ff35f7fe700] INFO - [I] dvb_device_factory_t::get_device_list ()
May 11, 2021 21:49:34.311 [0x7ff35f7fe700] INFO - [I] SAT2IP - discover_satip_servers(): no servers found
May 11, 2021 21:49:34.738 [0x7ff35f7fe700] INFO - [I] v4l::DeviceGetList_impl. getting v4l device list
May 11, 2021 21:49:34.744 [0x7ff35f7fe700] INFO - [I] onetv_factory::DeviceGetListEx >>
May 11, 2021 21:49:34.744 [0x7ff35f7fe700] WARN - [W] onetv_factory::DeviceGetListEx. libusb_init returned an error -99
May 11, 2021 21:51:20.169 [0x7ff3651fc740] INFO - Received SIGINT: Interrupt from keyboard.
May 11, 2021 21:51:20.188 [0x7ff3651fc740] INFO - [I] device_manager_t::term
May 11, 2021 21:51:20.188 [0x7ff3651fc740] INFO - [I] device_manager_t::term. Stop all devices
May 11, 2021 21:51:20.188 [0x7ff3651fc740] INFO - [I] device_manager_t::term. Shut down all device auxes
May 11, 2021 21:51:20.188 [0x7ff3651fc740] INFO - [I] tvbutler_aux_t::term
May 11, 2021 21:51:20.192 [0x7ff3651fc740] INFO - [I] web_server_t::stop. Web server is stopped
