May 10, 2021 22:52:48.104 [0x7f55c6a91700] INFO - Plex Tuner Service v1.0.0.0 - Docker Docker Container (LinuxServer.io) x86_64 - build: 
May 10, 2021 22:52:48.105 [0x7f55c6a91700] INFO - Linux version: 5.10.25-linuxkit (#1 SMP Tue Mar 23 09:27:39 UTC 2021), language: en-US
May 10, 2021 22:52:48.105 [0x7f55c6a91700] INFO - Processor Intel(R) Core(TM) i7-9750H CPU @ 2.60GHz
May 10, 2021 22:52:48.106 [0x7f55c6a91700] INFO - /usr/lib/plexmediaserver/Plex Tuner Service /usr/lib/plexmediaserver/Resources/Tuner/Private /usr/lib/plexmediaserver/Resources/Tuner/Shared 1.22.3.4392-d7c624def 32600
May 10, 2021 22:52:48.079 [0x7f55c6d7f740] INFO - [I] broker_t::start...
May 10, 2021 22:52:48.084 [0x7f55c6d7f740] INFO - [I] device_manager_t::init.
May 10, 2021 22:52:48.084 [0x7f55c6d7f740] INFO - [I] device_manager_t::init. Initialize provider manager
May 10, 2021 22:52:48.084 [0x7f55c6d7f740] INFO - [I] device_manager_t::init. Initialize all device auxes
May 10, 2021 22:52:48.084 [0x7f55c6d7f740] INFO - [I] dvb_device_factory_t::get_aux_list
May 10, 2021 22:52:48.084 [0x7f55c6d7f740] INFO - [I] tvbutler_aux_t::init
May 10, 2021 22:52:48.086 [0x7f55c6d7f740] INFO - [I] web_server_t::start. Starting web server on port 32600
May 10, 2021 22:52:56.488 [0x7f55c528e700] INFO - [I] web_service_t::process_device_discovery
May 10, 2021 22:52:56.488 [0x7f55c528e700] INFO - [I] device_reactor_t::get_device_list ()
May 10, 2021 22:52:56.488 [0x7f55c528e700] INFO - [I] dvb_device_factory_t::get_device_list ()
May 10, 2021 22:52:58.504 [0x7f55c528e700] INFO - [I] SAT2IP - discover_satip_servers(): no servers found
May 10, 2021 22:52:58.911 [0x7f55c528e700] INFO - [I] v4l::DeviceGetList_impl. getting v4l device list
May 10, 2021 22:52:58.915 [0x7f55c528e700] INFO - [I] onetv_factory::DeviceGetListEx >>
May 10, 2021 22:52:58.915 [0x7f55c528e700] WARN - [W] onetv_factory::DeviceGetListEx. libusb_init returned an error -99
May 10, 2021 22:53:08.689 [0x7f55c6d7f740] INFO - Received SIGINT: Interrupt from keyboard.
May 10, 2021 22:53:08.734 [0x7f55c6d7f740] INFO - [I] device_manager_t::term
May 10, 2021 22:53:08.734 [0x7f55c6d7f740] INFO - [I] device_manager_t::term. Stop all devices
May 10, 2021 22:53:08.734 [0x7f55c6d7f740] INFO - [I] device_manager_t::term. Shut down all device auxes
