May 06, 2021 11:00:09.948 [0x7f2d60d44700] INFO - Plex Media Scanner v1.22.3.4392-d7c624def - Docker Docker Container (LinuxServer.io) x86_64 - build: linux-x86_64 - GMT 00:00
May 06, 2021 11:00:09.949 [0x7f2d60d44700] INFO - Linux version: 5.10.25-linuxkit, language: en-US
May 06, 2021 11:00:09.949 [0x7f2d60d44700] INFO - Processor Intel(R) Core(TM) i7-9750H CPU @ 2.60GHz
May 06, 2021 11:00:09.950 [0x7f2d60d44700] INFO - /usr/lib/plexmediaserver/Plex Media Scanner --analyze --log-file-suffix  Analysis --item 7
May 06, 2021 11:00:09.937 [0x7f2d61833780] DEBUG - Opening 20 database sessions to library (com.plexapp.plugins.library), SQLite 3.26.0, threadsafe=1
May 06, 2021 11:00:10.125 [0x7f2d61833780] DEBUG - Analyzing media parts for item 7 (Veuillez garder votre calme): 3,9
May 06, 2021 11:00:10.128 [0x7f2d61833780] DEBUG - [ID 3] Media part analysis: /tv/Chernobyl/Season 1/Chernobyl - S01E02 - Please Remain Calm SDTV.avi
May 06, 2021 11:00:10.133 [0x7f2d61833780] DEBUG - [MI] Opening input file: "/tv/Chernobyl/Season 1/Chernobyl - S01E02 - Please Remain Calm SDTV.avi"
May 06, 2021 11:00:10.133 [0x7f2d61833780] DEBUG - [FFMPEG] - Opening '/tv/Chernobyl/Season 1/Chernobyl - S01E02 - Please Remain Calm SDTV.avi' for reading
May 06, 2021 11:00:10.133 [0x7f2d61833780] DEBUG - [FFMPEG] - Setting default whitelist 'file,crypto'
May 06, 2021 11:00:10.134 [0x7f2d61833780] DEBUG - [FFMPEG] - Format avi probed with size=2048 and score=100
May 06, 2021 11:00:10.134 [0x7f2d61833780] DEBUG - [FFMPEG] - use odml:1
May 06, 2021 11:00:10.202 [0x7f2d61833780] DEBUG - [FFMPEG] - Before avformat_find_stream_info() pos: 9996 bytes read:4120288 seeks:4 nb_streams:2
May 06, 2021 11:00:10.204 [0x7f2d61833780] DEBUG - [FFMPEG] - Format yuv420p chosen by get_format().
May 06, 2021 11:00:10.204 [0x7f2d61833780] DEBUG - [FFMPEG] - All info found
May 06, 2021 11:00:10.204 [0x7f2d61833780] DEBUG - [FFMPEG] - After avformat_find_stream_info() pos: 16856 bytes read:4120288 seeks:4 frames:3
May 06, 2021 11:00:10.205 [0x7f2d61833780] DEBUG - [MI]  * 58f611e1610d81da50db8e7b85cda2b8a869a636 [avi mpeg4/mp3] Duration: 3739920ms, 720x360 (2.000000) 25.000fps, bitrate=921kbps, audio channels=2, optimizedForStreaming=0 ("/tv/Chernobyl/Season 1/Chernobyl - S01E02 - Please Remain Calm SDTV.avi")
May 06, 2021 11:00:10.205 [0x7f2d61833780] DEBUG - [MI] Chapters had generic titles, clearing.
May 06, 2021 11:00:10.205 [0x7f2d61833780] DEBUG - [MI] Closing input file: "/tv/Chernobyl/Season 1/Chernobyl - S01E02 - Please Remain Calm SDTV.avi"
May 06, 2021 11:00:10.207 [0x7f2d61833780] DEBUG - Streams didn't change in analysis, not saving.
May 06, 2021 11:00:10.208 [0x7f2d61833780] DEBUG - Updating media item 3, size=430867584, metadata_item_id=7
May 06, 2021 11:00:10.209 [0x7f2d61833780] DEBUG - Updating part with ID=3 [/tv/Chernobyl/Season 1/Chernobyl - S01E02 - Please Remain Calm SDTV.avi]
May 06, 2021 11:00:10.224 [0x7f2d5ae43700] DEBUG - HTTP requesting GET http://127.0.0.1:32400/:/metadata/notify/changeItemState?librarySectionID=2&metadataItemID=7&metadataType=4&state=-1&parentID=-1&rootID=-1&mediaState=analyzing
May 06, 2021 11:00:10.225 [0x7f2d5ae43700] DEBUG - HTTP/1.1 (0.0s) 200 response from GET http://127.0.0.1:32400/:/metadata/notify/changeItemState?librarySectionID=2&metadataItemID=7&metadataType=4&state=-1&parentID=-1&rootID=-1&mediaState=analyzing
May 06, 2021 11:00:10.226 [0x7f2d5ae43700] DEBUG - HTTP requesting GET http://127.0.0.1:32400/:/metadata/notify/changeItemState?librarySectionID=2&metadataItemID=7&metadataType=4&state=-1&parentID=-1&rootID=-1&mediaState=thumbnailing
May 06, 2021 11:00:10.227 [0x7f2d5ae43700] DEBUG - HTTP/1.1 (0.0s) 200 response from GET http://127.0.0.1:32400/:/metadata/notify/changeItemState?librarySectionID=2&metadataItemID=7&metadataType=4&state=-1&parentID=-1&rootID=-1&mediaState=thumbnailing (reused)
May 06, 2021 11:00:10.227 [0x7f2d5ae43700] DEBUG - HTTP requesting GET http://127.0.0.1:32400/:/metadata/notify/changeItemState?librarySectionID=2&metadataItemID=7&metadataType=4&state=-1&parentID=-1&rootID=-1&mediaState=idle
May 06, 2021 11:00:10.227 [0x7f2d61833780] DEBUG - [ID 9] Media part analysis: /tv/Chernobyl/Season 1/Plex Versions/Optimized for TV/Chernobyl/S01E02.mp4
May 06, 2021 11:00:10.230 [0x7f2d5ae43700] DEBUG - HTTP/1.1 (0.0s) 200 response from GET http://127.0.0.1:32400/:/metadata/notify/changeItemState?librarySectionID=2&metadataItemID=7&metadataType=4&state=-1&parentID=-1&rootID=-1&mediaState=idle (reused)
May 06, 2021 11:00:10.242 [0x7f2d61833780] DEBUG - [MI] Opening input file: "/tv/Chernobyl/Season 1/Plex Versions/Optimized for TV/Chernobyl/S01E02.mp4"
May 06, 2021 11:00:10.242 [0x7f2d61833780] DEBUG - [FFMPEG] - Opening '/tv/Chernobyl/Season 1/Plex Versions/Optimized for TV/Chernobyl/S01E02.mp4' for reading
May 06, 2021 11:00:10.242 [0x7f2d61833780] DEBUG - [FFMPEG] - Setting default whitelist 'file,crypto'
May 06, 2021 11:00:10.243 [0x7f2d61833780] DEBUG - [FFMPEG] - Format mov,mp4,m4a,3gp,3g2,mj2 probed with size=2048 and score=100
May 06, 2021 11:00:10.244 [0x7f2d61833780] DEBUG - [FFMPEG] - ISO: File Type Major Brand: isom
May 06, 2021 11:00:10.244 [0x7f2d61833780] DEBUG - [FFMPEG] - Unknown dref type 0x206c7275 size 12
May 06, 2021 11:00:10.270 [0x7f2d61833780] DEBUG - [FFMPEG] - Processing st: 0, edit list 0 - media time: 1024, duration: 47870464
May 06, 2021 11:00:10.281 [0x7f2d61833780] DEBUG - [FFMPEG] - Offset DTS by 1024 to make first pts zero.
May 06, 2021 11:00:10.284 [0x7f2d61833780] DEBUG - [FFMPEG] - Setting codecpar->delay to 2 for stream st: 0
May 06, 2021 11:00:10.284 [0x7f2d61833780] DEBUG - [FFMPEG] - Unknown dref type 0x206c7275 size 12
May 06, 2021 11:00:10.316 [0x7f2d61833780] DEBUG - [FFMPEG] - Processing st: 1, edit list 0 - media time: 1024, duration: 179513856
May 06, 2021 11:00:10.316 [0x7f2d61833780] DEBUG - [FFMPEG] - drop a frame at curr_cts: 0 @ 0
May 06, 2021 11:00:10.329 [0x7f2d61833780] DEBUG - [FFMPEG] - Before avformat_find_stream_info() pos: 2847436 bytes read:2866484 seeks:0 nb_streams:2
May 06, 2021 11:00:10.341 [0x7f2d61833780] DEBUG - [FFMPEG] - nal_unit_type: 7(SPS), nal_ref_idc: 3
May 06, 2021 11:00:10.341 [0x7f2d61833780] DEBUG - [FFMPEG] - nal_unit_type: 8(PPS), nal_ref_idc: 3
May 06, 2021 11:00:10.341 [0x7f2d61833780] DEBUG - [FFMPEG] - nal_unit_type: 6(SEI), nal_ref_idc: 0
May 06, 2021 11:00:10.341 [0x7f2d61833780] DEBUG - [FFMPEG] - nal_unit_type: 5(IDR), nal_ref_idc: 3
May 06, 2021 11:00:10.341 [0x7f2d61833780] DEBUG - [FFMPEG] - Format yuv420p chosen by get_format().
May 06, 2021 11:00:10.344 [0x7f2d61833780] DEBUG - [FFMPEG] - no picture 
May 06, 2021 11:00:10.348 [0x7f2d61833780] DEBUG - [FFMPEG] - nal_unit_type: 1(Coded slice of a non-IDR picture), nal_ref_idc: 2
May 06, 2021 11:00:10.348 [0x7f2d61833780] DEBUG - [FFMPEG] - no picture 
May 06, 2021 11:00:10.349 [0x7f2d61833780] DEBUG - [FFMPEG] - demuxer injecting skip 1024 / discard 0
May 06, 2021 11:00:10.349 [0x7f2d61833780] DEBUG - [FFMPEG] - All info found
May 06, 2021 11:00:10.349 [0x7f2d61833780] DEBUG - [FFMPEG] - After avformat_find_stream_info() pos: 2851669 bytes read:2866484 seeks:0 frames:3
May 06, 2021 11:00:10.349 [0x7f2d61833780] DEBUG - [MI] Opening "/tv/Chernobyl/Season 1/Plex Versions/Optimized for TV/Chernobyl/S01E02.mp4" for MP4 atom parsing
May 06, 2021 11:00:10.350 [0x7f2d61833780] DEBUG - Mp4AtomParser: Skipping ftyp atom of size 32 at offset 0
May 06, 2021 11:00:10.350 [0x7f2d61833780] DEBUG - Mp4AtomParser: Found moov atom of size 2847388 at offset 32
May 06, 2021 11:00:10.351 [0x7f2d61833780] DEBUG - Mp4AtomParser: Found trak atom of size 1490925 at offset 148
May 06, 2021 11:00:10.351 [0x7f2d61833780] DEBUG - Mp4AtomParser: Found trak atom of size 1356249 at offset 1491073
May 06, 2021 11:00:10.351 [0x7f2d61833780] DEBUG - Mp4AtomParser: Found mdia atom of size 1490789 at offset 284
May 06, 2021 11:00:10.351 [0x7f2d61833780] DEBUG - Mp4AtomParser: Found minf atom of size 1490704 at offset 369
May 06, 2021 11:00:10.351 [0x7f2d61833780] DEBUG - Mp4AtomParser: Found stbl atom of size 1490640 at offset 433
May 06, 2021 11:00:10.351 [0x7f2d61833780] DEBUG - Mp4AtomParser: Found mdia atom of size 1356113 at offset 1491209
May 06, 2021 11:00:10.351 [0x7f2d61833780] DEBUG - Mp4AtomParser: Found minf atom of size 1356028 at offset 1491294
May 06, 2021 11:00:10.351 [0x7f2d61833780] DEBUG - Mp4AtomParser: Found stbl atom of size 1355968 at offset 1491354
May 06, 2021 11:00:10.352 [0x7f2d61833780] DEBUG - [MI]  * b98d73b8557ca58e39e57e667e1c9b47c3eb5241 [mp4 h264/aac] Duration: 3739894ms, 720x360 (2.000000) 25.000fps, bitrate=1083kbps, audio channels=2, optimizedForStreaming=1 ("/tv/Chernobyl/Season 1/Plex Versions/Optimized for TV/Chernobyl/S01E02.mp4")
May 06, 2021 11:00:10.352 [0x7f2d61833780] DEBUG - [MI] Chapters had generic titles, clearing.
May 06, 2021 11:00:10.353 [0x7f2d61833780] DEBUG - [MI] Closing input file: "/tv/Chernobyl/Season 1/Plex Versions/Optimized for TV/Chernobyl/S01E02.mp4"
May 06, 2021 11:00:10.355 [0x7f2d61833780] DEBUG - Committing media stream changes for part 9
May 06, 2021 11:00:10.364 [0x7f2d61833780] DEBUG - Updating media item 9, size=506741610, metadata_item_id=7
May 06, 2021 11:00:10.365 [0x7f2d61833780] DEBUG - Updating part with ID=9 [/tv/Chernobyl/Season 1/Plex Versions/Optimized for TV/Chernobyl/S01E02.mp4]
May 06, 2021 11:00:10.408 [0x7f2d5ae43700] DEBUG - HTTP requesting GET http://127.0.0.1:32400/:/metadata/notify/changeItemState?librarySectionID=2&metadataItemID=7&metadataType=4&state=-1&parentID=-1&rootID=-1&mediaState=analyzing
May 06, 2021 11:00:10.410 [0x7f2d5ae43700] DEBUG - HTTP/1.1 (0.0s) 200 response from GET http://127.0.0.1:32400/:/metadata/notify/changeItemState?librarySectionID=2&metadataItemID=7&metadataType=4&state=-1&parentID=-1&rootID=-1&mediaState=analyzing (reused)
May 06, 2021 11:00:10.410 [0x7f2d5ae43700] DEBUG - HTTP requesting GET http://127.0.0.1:32400/:/metadata/notify/changeItemState?librarySectionID=2&metadataItemID=7&metadataType=4&state=-1&parentID=-1&rootID=-1&mediaState=thumbnailing
May 06, 2021 11:00:10.412 [0x7f2d5ae43700] DEBUG - HTTP/1.1 (0.0s) 200 response from GET http://127.0.0.1:32400/:/metadata/notify/changeItemState?librarySectionID=2&metadataItemID=7&metadataType=4&state=-1&parentID=-1&rootID=-1&mediaState=thumbnailing (reused)
May 06, 2021 11:00:10.418 [0x7f2d61833780] DEBUG - [MI] Opening input file: "/tv/Chernobyl/Season 1/Plex Versions/Optimized for TV/Chernobyl/S01E02.mp4"
May 06, 2021 11:00:10.418 [0x7f2d61833780] DEBUG - [FFMPEG] - Opening '/tv/Chernobyl/Season 1/Plex Versions/Optimized for TV/Chernobyl/S01E02.mp4' for reading
May 06, 2021 11:00:10.418 [0x7f2d61833780] DEBUG - [FFMPEG] - Setting default whitelist 'file,crypto'
May 06, 2021 11:00:10.419 [0x7f2d61833780] DEBUG - [FFMPEG] - Format mov,mp4,m4a,3gp,3g2,mj2 probed with size=2048 and score=100
May 06, 2021 11:00:10.419 [0x7f2d61833780] DEBUG - [FFMPEG] - ISO: File Type Major Brand: isom
May 06, 2021 11:00:10.419 [0x7f2d61833780] DEBUG - [FFMPEG] - Unknown dref type 0x206c7275 size 12
May 06, 2021 11:00:10.433 [0x7f2d61833780] DEBUG - [FFMPEG] - Processing st: 0, edit list 0 - media time: 1024, duration: 47870464
May 06, 2021 11:00:10.439 [0x7f2d61833780] DEBUG - [FFMPEG] - Offset DTS by 1024 to make first pts zero.
May 06, 2021 11:00:10.441 [0x7f2d61833780] DEBUG - [FFMPEG] - Setting codecpar->delay to 2 for stream st: 0
May 06, 2021 11:00:10.441 [0x7f2d61833780] DEBUG - [FFMPEG] - Unknown dref type 0x206c7275 size 12
May 06, 2021 11:00:10.458 [0x7f2d61833780] DEBUG - [FFMPEG] - Processing st: 1, edit list 0 - media time: 1024, duration: 179513856
May 06, 2021 11:00:10.458 [0x7f2d61833780] DEBUG - [FFMPEG] - drop a frame at curr_cts: 0 @ 0
May 06, 2021 11:00:10.465 [0x7f2d61833780] DEBUG - [FFMPEG] - Before avformat_find_stream_info() pos: 2847436 bytes read:2866484 seeks:0 nb_streams:2
May 06, 2021 11:00:10.466 [0x7f2d61833780] DEBUG - [FFMPEG] - nal_unit_type: 7(SPS), nal_ref_idc: 3
May 06, 2021 11:00:10.466 [0x7f2d61833780] DEBUG - [FFMPEG] - nal_unit_type: 8(PPS), nal_ref_idc: 3
May 06, 2021 11:00:10.466 [0x7f2d61833780] DEBUG - [FFMPEG] - nal_unit_type: 6(SEI), nal_ref_idc: 0
May 06, 2021 11:00:10.466 [0x7f2d61833780] DEBUG - [FFMPEG] - nal_unit_type: 5(IDR), nal_ref_idc: 3
May 06, 2021 11:00:10.466 [0x7f2d61833780] DEBUG - [FFMPEG] - Format yuv420p chosen by get_format().
May 06, 2021 11:00:10.466 [0x7f2d61833780] DEBUG - [FFMPEG] - no picture 
May 06, 2021 11:00:10.467 [0x7f2d61833780] DEBUG - [FFMPEG] - nal_unit_type: 1(Coded slice of a non-IDR picture), nal_ref_idc: 2
May 06, 2021 11:00:10.467 [0x7f2d61833780] DEBUG - [FFMPEG] - no picture 
May 06, 2021 11:00:10.467 [0x7f2d61833780] DEBUG - [FFMPEG] - demuxer injecting skip 1024 / discard 0
May 06, 2021 11:00:10.467 [0x7f2d61833780] DEBUG - [FFMPEG] - All info found
May 06, 2021 11:00:10.467 [0x7f2d61833780] DEBUG - [FFMPEG] - After avformat_find_stream_info() pos: 2851669 bytes read:2866484 seeks:0 frames:3
May 06, 2021 11:00:10.467 [0x7f2d61833780] DEBUG - Creating /config/Library/Application Support/Plex Media Server/Media/localhost/b/98d73b8557ca58e39e57e667e1c9b47c3eb5241.bundle/Contents/Thumbnails/thumb1.jpg (50.0%, 720x512).
May 06, 2021 11:00:10.468 [0x7f2d61833780] DEBUG - [FFMPEG] - nal_unit_type: 7(SPS), nal_ref_idc: 3
May 06, 2021 11:00:10.468 [0x7f2d61833780] DEBUG - [FFMPEG] - nal_unit_type: 8(PPS), nal_ref_idc: 3
May 06, 2021 11:00:10.469 [0x7f2d61833780] DEBUG - [FFMPEG] - nal_unit_type: 5(IDR), nal_ref_idc: 3
May 06, 2021 11:00:10.469 [0x7f2d61833780] DEBUG - [FFMPEG] - Format yuv420p chosen by get_format().
May 06, 2021 11:00:10.469 [0x7f2d61833780] DEBUG - [FFMPEG] - no picture 
May 06, 2021 11:00:10.473 [0x7f2d61833780] DEBUG - [FFMPEG] - nal_unit_type: 1(Coded slice of a non-IDR picture), nal_ref_idc: 2
May 06, 2021 11:00:10.473 [0x7f2d61833780] DEBUG - [FFMPEG] - no picture 
May 06, 2021 11:00:10.475 [0x7f2d61833780] DEBUG - [FFMPEG] - nal_unit_type: 1(Coded slice of a non-IDR picture), nal_ref_idc: 0
May 06, 2021 11:00:10.489 [0x7f2d61833780] DEBUG - Loaded memory image of size 720x360.
May 06, 2021 11:00:10.521 [0x7f2d61833780] DEBUG - [FFMPEG] - nal_unit_type: 7(SPS), nal_ref_idc: 3
May 06, 2021 11:00:10.521 [0x7f2d61833780] DEBUG - [FFMPEG] - nal_unit_type: 8(PPS), nal_ref_idc: 3
May 06, 2021 11:00:10.523 [0x7f2d61833780] DEBUG - [FFMPEG] - nal_unit_type: 5(IDR), nal_ref_idc: 3
May 06, 2021 11:00:10.523 [0x7f2d61833780] DEBUG - [FFMPEG] - Format yuv420p chosen by get_format().
May 06, 2021 11:00:10.523 [0x7f2d61833780] DEBUG - [FFMPEG] - no picture 
May 06, 2021 11:00:10.526 [0x7f2d61833780] DEBUG - [FFMPEG] - nal_unit_type: 1(Coded slice of a non-IDR picture), nal_ref_idc: 2
May 06, 2021 11:00:10.526 [0x7f2d61833780] DEBUG - [FFMPEG] - no picture 
May 06, 2021 11:00:10.528 [0x7f2d61833780] DEBUG - [FFMPEG] - nal_unit_type: 1(Coded slice of a non-IDR picture), nal_ref_idc: 0
May 06, 2021 11:00:10.541 [0x7f2d61833780] DEBUG - Loaded memory image of size 720x360.
May 06, 2021 11:00:10.576 [0x7f2d61833780] DEBUG - [FFMPEG] - nal_unit_type: 7(SPS), nal_ref_idc: 3
May 06, 2021 11:00:10.576 [0x7f2d61833780] DEBUG - [FFMPEG] - nal_unit_type: 8(PPS), nal_ref_idc: 3
May 06, 2021 11:00:10.578 [0x7f2d61833780] DEBUG - [FFMPEG] - nal_unit_type: 5(IDR), nal_ref_idc: 3
May 06, 2021 11:00:10.578 [0x7f2d61833780] DEBUG - [FFMPEG] - Format yuv420p chosen by get_format().
May 06, 2021 11:00:10.578 [0x7f2d61833780] DEBUG - [FFMPEG] - no picture 
May 06, 2021 11:00:10.586 [0x7f2d61833780] DEBUG - [FFMPEG] - nal_unit_type: 1(Coded slice of a non-IDR picture), nal_ref_idc: 2
May 06, 2021 11:00:10.586 [0x7f2d61833780] DEBUG - [FFMPEG] - no picture 
May 06, 2021 11:00:10.588 [0x7f2d61833780] DEBUG - [FFMPEG] - nal_unit_type: 1(Coded slice of a non-IDR picture), nal_ref_idc: 2
May 06, 2021 11:00:10.599 [0x7f2d61833780] DEBUG - Loaded memory image of size 720x360.
May 06, 2021 11:00:10.616 [0x7f2d61833780] DEBUG - [MI] Closing input file: "/tv/Chernobyl/Season 1/Plex Versions/Optimized for TV/Chernobyl/S01E02.mp4"
May 06, 2021 11:00:10.622 [0x7f2d61833780] DEBUG - Downloading document http://127.0.0.1:32400/library/changestamp
May 06, 2021 11:00:10.622 [0x7f2d61833780] DEBUG - HTTP requesting GET http://127.0.0.1:32400/library/changestamp
May 06, 2021 11:00:10.624 [0x7f2d61833780] DEBUG - HTTP/1.1 (0.0s) 200 response from GET http://127.0.0.1:32400/library/changestamp (reused)
May 06, 2021 11:00:10.624 [0x7f2d61833780] DEBUG - Updating metadata item (save) (Veuillez garder votre calme) with ID 7
May 06, 2021 11:00:10.629 [0x7f2d5ae43700] DEBUG - HTTP requesting GET http://127.0.0.1:32400/:/metadata/flushMetadataCounterCache
May 06, 2021 11:00:10.630 [0x7f2d5ae43700] DEBUG - HTTP/1.1 (0.0s) 200 response from GET http://127.0.0.1:32400/:/metadata/flushMetadataCounterCache (reused)
May 06, 2021 11:00:10.661 [0x7f2d5ae43700] DEBUG - HTTP requesting GET http://127.0.0.1:32400/:/metadata/notify/changeItemState?librarySectionID=2&metadataItemID=7&metadataType=4&state=-1&parentID=-1&rootID=-1&mediaState=idle
May 06, 2021 11:00:10.662 [0x7f2d5ae43700] DEBUG - HTTP/1.1 (0.0s) 200 response from GET http://127.0.0.1:32400/:/metadata/notify/changeItemState?librarySectionID=2&metadataItemID=7&metadataType=4&state=-1&parentID=-1&rootID=-1&mediaState=idle (reused)
May 06, 2021 11:00:10.665 [0x7f2d61833780] DEBUG - Downloading document http://127.0.0.1:32400/library/changestamp
May 06, 2021 11:00:10.665 [0x7f2d61833780] DEBUG - HTTP requesting GET http://127.0.0.1:32400/library/changestamp
May 06, 2021 11:00:10.666 [0x7f2d61833780] DEBUG - HTTP/1.1 (0.0s) 200 response from GET http://127.0.0.1:32400/library/changestamp (reused)
May 06, 2021 11:00:10.666 [0x7f2d61833780] DEBUG - Updating metadata item (save) (Veuillez garder votre calme) with ID 7
May 06, 2021 11:00:10.698 [0x7f2d5ae43700] DEBUG - HTTP requesting GET http://127.0.0.1:32400/:/metadata/flushMetadataCounterCache
May 06, 2021 11:00:10.699 [0x7f2d5ae43700] DEBUG - HTTP/1.1 (0.0s) 200 response from GET http://127.0.0.1:32400/:/metadata/flushMetadataCounterCache (reused)
