May 10, 2021 22:52:46.306 [0x7f48ebfeb700] INFO - Plex Media Server v1.22.3.4392-d7c624def - Docker Docker Container (LinuxServer.io) x86_64 - build: linux-x86_64 debian - GMT 00:00
May 10, 2021 22:52:46.307 [0x7f48ebfeb700] INFO - Linux version: 5.10.25-linuxkit, language: en-US
May 10, 2021 22:52:46.308 [0x7f48ebfeb700] INFO - Processor Intel(R) Core(TM) i7-9750H CPU @ 2.60GHz
May 10, 2021 22:52:46.309 [0x7f48ebfeb700] INFO - /usr/lib/plexmediaserver/Plex Media Server
May 10, 2021 22:52:46.271 [0x7f48ecadcbc0] DEBUG - BPQ: [Idle] -> [Starting]
May 10, 2021 22:52:46.276 [0x7f48ecadcbc0] DEBUG - FeatureManager: Using cached data for features list
May 10, 2021 22:52:46.278 [0x7f48ecadcbc0] DEBUG - Opening 20 database sessions to library (com.plexapp.plugins.library), SQLite 3.26.0, threadsafe=1
May 10, 2021 22:52:46.378 [0x7f48ecadcbc0] DEBUG - Running migrations. (EPG 0)
May 10, 2021 22:52:46.378 [0x7f48ecadcbc0] DEBUG - ChangestampAllocator: initialized to 2247395385728513462
May 10, 2021 22:52:46.378 [0x7f48ecadcbc0] DEBUG - Opening 2 database sessions to library (com.plexapp.plugins.library.blobs), SQLite 3.26.0, threadsafe=1
May 10, 2021 22:52:46.401 [0x7f48ecadcbc0] DEBUG - Running migrations. (EPG 0)
May 10, 2021 22:52:46.459 [0x7f48ecadcbc0] DEBUG - [CERT] Subject name is /CN=*.6baadf20375c42c08ef32672bafc085e.plex.direct
May 10, 2021 22:52:46.459 [0x7f48ecadcbc0] DEBUG - [CERT] Installed certificate with fingerprint 31:cb:44:11:36:57:7f:3c:9e:05:3c:2f:81:4a:ee:41:18:43:01:a5.
May 10, 2021 22:52:46.459 [0x7f48ecadcbc0] DEBUG - [CERT/OCSP] Stapling requests will be made to 'http://r3.o.lencr.org/'.
May 10, 2021 22:52:46.462 [0x7f48ecadcbc0] INFO - [CERT/OCSP] Successfully retrieved response from cache.
May 10, 2021 22:52:46.462 [0x7f48ecadcbc0] DEBUG - HttpServer: Listening on IPv6 as well as IPv4.
May 10, 2021 22:52:46.462 [0x7f48ecadcbc0] DEBUG - HttpServer: Listening on port 32400.
May 10, 2021 22:52:46.463 [0x7f48ecadcbc0] DEBUG - HttpServer: Listening on port 32401.
May 10, 2021 22:52:46.483 [0x7f48e9e0b700] DEBUG - Grabber: Cleaning up orphaned grabs.
May 10, 2021 22:52:46.484 [0x7f48ecadcbc0] DEBUG - Media Provider: Registering provider com.plexapp.plugins.library
May 10, 2021 22:52:46.484 [0x7f48ecadcbc0] DEBUG - Auth: Refreshing tokens inside the token-based authentication filter.
May 10, 2021 22:52:46.484 [0x7f48ecadcbc0] DEBUG - MyPlex: mapping state set to 'Unknown'.
May 10, 2021 22:52:46.486 [0x7f48ecadcbc0] DEBUG - Relay: read 5 cached entries from hosts file
May 10, 2021 22:52:46.486 [0x7f48ecadcbc0] DEBUG - MyPlex: using cached data for request for https://plex.tv/api/v2/server/access_tokens?auth_token=xxxxxxxxxxxxxxxxxxxx
May 10, 2021 22:52:46.486 [0x7f48e3fff700] DEBUG - HTTP requesting GET https://plex.tv/media/providers?X-Plex-Token=xxxxxxxxxxxxxxxxxxxx
May 10, 2021 22:52:46.489 [0x7f48ecadcbc0] DEBUG - MyPlex: updating with 16 access tokens
May 10, 2021 22:52:46.489 [0x7f48ecadcbc0] DEBUG - MyPlex: using cached data for request for https://plex.tv/api/v2/server/users?auth_token=xxxxxxxxxxxxxxxxxxxx
May 10, 2021 22:52:46.491 [0x7f48e9e0b700] DEBUG - Grabber: Cleaned up 0 decrepit directories in 0.0 sec.
May 10, 2021 22:52:46.492 [0x7f48ecadcbc0] DEBUG - MyPlex: using cached data for request for https://plex.tv/api/v2/server/users/subscriptions?auth_token=xxxxxxxxxxxxxxxxxxxx
May 10, 2021 22:52:46.494 [0x7f48e2ffd700] DEBUG - Auth: Refreshing tokens inside the token-based authentication filter.
May 10, 2021 22:52:46.494 [0x7f48e2ffd700] DEBUG - HTTP requesting GET https://plex.tv/api/v2/server/access_tokens?auth_token=xxxxxxxxxxxxxxxxxxxx
May 10, 2021 22:52:46.495 [0x7f48ecadcbc0] DEBUG - Opening 1 database sessions to library (), SQLite 3.26.0, threadsafe=1
May 10, 2021 22:52:46.497 [0x7f48e17fa700] DEBUG - File "/usr/lib/plexmediaserver/Resources/Plug-ins-d7c624def" changed: -1 => 2021-05-04 04:10:05 (1620101405).
May 10, 2021 22:52:46.497 [0x7f48e17fa700] DEBUG - File "/config/Library/Application Support/Plex Media Server/Plug-ins" changed: -1 => 2021-05-06 06:12:57 (1620281577).
May 10, 2021 22:52:46.497 [0x7f48e17fa700] DEBUG - Scanning for plug-ins in "/usr/lib/plexmediaserver/Resources/Plug-ins-d7c624def"
May 10, 2021 22:52:46.503 [0x7f48e17fa700] DEBUG - Scanning for plug-ins in "/config/Library/Application Support/Plex Media Server/Plug-ins"
May 10, 2021 22:52:46.503 [0x7f48e17fa700] DEBUG - PluginRepository::setStartState: 1, startingSystem
May 10, 2021 22:52:46.503 [0x7f48e17fa700] DEBUG - Starting plug-in /usr/lib/plexmediaserver/Resources/Plug-ins-d7c624def/System.bundle.
May 10, 2021 22:52:46.504 [0x7f48e17fa700] DEBUG - [com.plexapp.system] Setting plug-in to always running (daemon mode).
May 10, 2021 22:52:46.506 [0x7f48e17fa700] DEBUG - Starting file watcher for com.plexapp.system
May 10, 2021 22:52:46.513 [0x7f48e17fa700] DEBUG - Spawned plug-in com.plexapp.system with PID 334
May 10, 2021 22:52:46.513 [0x7f48e17fa700] DEBUG - [com.plexapp.system] Sending command: GET /:/prefixes
May 10, 2021 22:52:46.692 [0x7f48e2ffd700] DEBUG - HTTP/1.1 (0.2s) 200 response from GET https://plex.tv/api/v2/server/access_tokens?auth_token=xxxxxxxxxxxxxxxxxxxx
May 10, 2021 22:52:46.699 [0x7f48e2ffd700] DEBUG - MyPlex: updating with 16 access tokens
May 10, 2021 22:52:46.699 [0x7f48e2ffd700] DEBUG - HTTP requesting GET https://plex.tv/api/v2/server/users?auth_token=xxxxxxxxxxxxxxxxxxxx
May 10, 2021 22:52:46.720 [0x7f48e3fff700] DEBUG - HTTP/1.1 (0.2s) 200 response from GET https://plex.tv/media/providers?X-Plex-Token=xxxxxxxxxxxxxxxxxxxx
May 10, 2021 22:52:46.720 [0x7f48e27fc700] DEBUG - HTTP requesting GET https://plex.tv/media/providers?X-Plex-Token=xxxxxxxxxxxxxxxxxxxx
May 10, 2021 22:52:46.751 [0x7f48e2ffd700] DEBUG - HTTP/1.1 (0.1s) 200 response from GET https://plex.tv/api/v2/server/users?auth_token=xxxxxxxxxxxxxxxxxxxx (reused)
May 10, 2021 22:52:46.758 [0x7f48e2ffd700] DEBUG - HTTP requesting GET https://plex.tv/api/v2/server/users/subscriptions?auth_token=xxxxxxxxxxxxxxxxxxxx
May 10, 2021 22:52:46.804 [0x7f48e27fc700] DEBUG - HTTP/1.1 (0.1s) 200 response from GET https://plex.tv/media/providers?X-Plex-Token=xxxxxxxxxxxxxxxxxxxx (reused)
May 10, 2021 22:52:46.805 [0x7f48e9e0b700] DEBUG - HTTP requesting GET https://vod.provider.plex.tv
May 10, 2021 22:52:46.805 [0x7f48e3fff700] DEBUG - HTTP requesting GET https://music.provider.plex.tv
May 10, 2021 22:52:46.814 [0x7f48e2ffd700] DEBUG - HTTP/1.1 (0.1s) 200 response from GET https://plex.tv/api/v2/server/users/subscriptions?auth_token=xxxxxxxxxxxxxxxxxxxx (reused)
May 10, 2021 22:52:46.954 [0x7f48e2ffd700] WARN - Unrecognized MediaProvider feature: availability
May 10, 2021 22:52:46.954 [0x7f48e2ffd700] WARN - Unrecognized MediaProvider feature: availability-platforms
May 10, 2021 22:52:46.954 [0x7f48e2ffd700] WARN - Unrecognized MediaProvider feature: universalSearch
May 10, 2021 22:52:46.958 [0x7f48e27fc700] WARN - Unrecognized MediaProvider feature: availability
May 10, 2021 22:52:46.958 [0x7f48e27fc700] WARN - Unrecognized MediaProvider feature: availability-platforms
May 10, 2021 22:52:46.958 [0x7f48e27fc700] WARN - Unrecognized MediaProvider feature: universalSearch
May 10, 2021 22:52:46.958 [0x7f48e27fc700] DEBUG - HTTP requesting GET https://music.provider.plex.tv
May 10, 2021 22:52:46.966 [0x7f48e3fff700] DEBUG - HTTP/1.1 (0.2s) 200 response from GET https://music.provider.plex.tv
May 10, 2021 22:52:46.975 [0x7f48e9e0b700] DEBUG - HTTP/1.1 (0.2s) 200 response from GET https://vod.provider.plex.tv
May 10, 2021 22:52:47.055 [0x7f48e27fc700] DEBUG - HTTP/1.1 (0.1s) 200 response from GET https://music.provider.plex.tv
May 10, 2021 22:52:48.022 [0x7f48e17fa700] DEBUG - Reading 486 bytes in the body, code is 200
May 10, 2021 22:52:48.022 [0x7f48e17fa700] DEBUG - [com.plexapp.system] Plug-in running on port 34527.
May 10, 2021 22:52:48.022 [0x7f48e17fa700] DEBUG -  * Plug-in handles prefix: /system
May 10, 2021 22:52:48.022 [0x7f48e17fa700] DEBUG -  * Plug-in handles prefix: /player
May 10, 2021 22:52:48.023 [0x7f48e17fa700] DEBUG - Read configuration for [com.plexapp.system], had 2 prefixes
May 10, 2021 22:52:48.023 [0x7f48e17fa700] DEBUG - Done with 1 synchronous plug-in starts, starting the rest in parallel.
May 10, 2021 22:52:48.023 [0x7f48e17fa700] DEBUG - PluginRepository::setStartState: 2, startingPlugins
May 10, 2021 22:52:48.023 [0x7f48e17fa700] DEBUG - Updating the list of agents known by the system.
May 10, 2021 22:52:48.023 [0x7f48e17fa700] DEBUG - [com.plexapp.system] Sending command over HTTP (GET): /system/agents
May 10, 2021 22:52:48.023 [0x7f48e17fa700] DEBUG - HTTP requesting GET http://127.0.0.1:34527/system/agents
May 10, 2021 22:52:48.024 [0x7f48ecadcbc0] DEBUG - Image transcode cache directory: "/config/Library/Application Support/Plex Media Server/Cache/PhotoTranscoder"
May 10, 2021 22:52:48.024 [0x7f48ecadcbc0] DEBUG - Transcoder: Cleaning old transcode directories.
May 10, 2021 22:52:48.030 [0x7f48ecadcbc0] DEBUG - MyPlex: using cached data for request for https://plex.tv/api/v2/server/access_tokens?auth_token=xxxxxxxxxxxxxxxxxxxx
May 10, 2021 22:52:48.031 [0x7f48ecadcbc0] DEBUG - MyPlex: updating with 16 access tokens
May 10, 2021 22:52:48.032 [0x7f48e3fff700] DEBUG - HTTP requesting GET https://plex.tv/media/providers?X-Plex-Token=xxxxxxxxxxxxxxxxxxxx
May 10, 2021 22:52:48.032 [0x7f48ecadcbc0] DEBUG - MyPlex: using cached data for request for https://plex.tv/api/v2/server/users?auth_token=xxxxxxxxxxxxxxxxxxxx
May 10, 2021 22:52:48.034 [0x7f48ecadcbc0] DEBUG - MyPlex: using cached data for request for https://plex.tv/api/v2/server/users/subscriptions?auth_token=xxxxxxxxxxxxxxxxxxxx
May 10, 2021 22:52:48.036 [0x7f48ecadcbc0] DEBUG - MyPlex: using cached data for request for https://plex.tv/api/v2/user?includeSubscriptions=1&includeProviders=1
May 10, 2021 22:52:48.038 [0x7f48ecadcbc0] DEBUG - MyPlex: username is Belegan243, login is berkill24@gmail.com, home is 0, no pin
May 10, 2021 22:52:48.046 [0x7f48ecadcbc0] DEBUG - MyPlex: start public ip check and mapping - current mapped state: 'Unknown'.
May 10, 2021 22:52:48.046 [0x7f48ecadcbc0] DEBUG - MyPlex: mapping state set to 'Not Mapped'.
May 10, 2021 22:52:48.046 [0x7f48ecadcbc0] DEBUG - PublicAddressManager: Starting.
May 10, 2021 22:52:48.046 [0x7f48ecadcbc0] DEBUG - PublicAddressManager: Obtaining public address and mapping port.
May 10, 2021 22:52:48.046 [0x7f48e37fe700] DEBUG - HTTP requesting GET https://plex.tv/api/v2/user?includeSubscriptions=1&includeProviders=1
May 10, 2021 22:52:48.046 [0x7f48ecadcbc0] DEBUG - NetworkInterface: Starting watch thread.
May 10, 2021 22:52:48.046 [0x7f48e9e0b700] DEBUG - PublicAddressManager: Obtaining public IP.
May 10, 2021 22:52:48.046 [0x7f48ecadcbc0] DEBUG - Network change.
May 10, 2021 22:52:48.046 [0x7f48ecadcbc0] DEBUG - NetworkInterface: Notified of network changed (force=0)
May 10, 2021 22:52:48.047 [0x7f48e1ffb700] DEBUG - NetworkInterface: Watching for changes on the interfaces.
May 10, 2021 22:52:48.047 [0x7f48e2ffd700] DEBUG - NAT: UPnP, attempting port mapping.
May 10, 2021 22:52:48.047 [0x7f48e9e0b700] DEBUG - HTTP requesting GET http://plex.tv/pms/:/ip
May 10, 2021 22:52:48.047 [0x7f48ecadcbc0] DEBUG - Detected primary interface: 172.24.0.5
May 10, 2021 22:52:48.047 [0x7f48ecadcbc0] DEBUG - Network interfaces:
May 10, 2021 22:52:48.047 [0x7f48ecadcbc0] DEBUG -  * 1 lo (127.0.0.1) (loopback: 1)
May 10, 2021 22:52:48.047 [0x7f48ecadcbc0] DEBUG -  * 1296 eth0 (172.24.0.5) (loopback: 0)
May 10, 2021 22:52:48.047 [0x7f48ecadcbc0] DEBUG - Creating NetworkServices singleton.
May 10, 2021 22:52:48.047 [0x7f48ecadcbc0] DEBUG - NetworkServices: Initializing...
May 10, 2021 22:52:48.047 [0x7f48ecadcbc0] DEBUG - NetworkService: Creating new service.
May 10, 2021 22:52:48.047 [0x7f48ecadcbc0] DEBUG - NetworkService: Got notification of changed network (first change: 1)
May 10, 2021 22:52:48.047 [0x7f48ecadcbc0] DEBUG - NetworkService: Quick dispatch of network change.
May 10, 2021 22:52:48.047 [0x7f48ecadcbc0] DEBUG - NetworkService: Creating new service.
May 10, 2021 22:52:48.047 [0x7f48ecadcbc0] DEBUG - NetworkService: Got notification of changed network (first change: 1)
May 10, 2021 22:52:48.047 [0x7f48c7fff700] DEBUG - Network change for advertiser.
May 10, 2021 22:52:48.047 [0x7f48ecadcbc0] DEBUG - NetworkService: Quick dispatch of network change.
May 10, 2021 22:52:48.047 [0x7f48c7fff700] DEBUG - NetworkService: Setting up multicast listener on 0.0.0.0:32414
May 10, 2021 22:52:48.047 [0x7f48ecadcbc0] DEBUG - NetworkService: Creating new service.
May 10, 2021 22:52:48.047 [0x7f48ecadcbc0] DEBUG - NetworkService: Got notification of changed network (first change: 1)
May 10, 2021 22:52:48.047 [0x7f48ecadcbc0] DEBUG - NetworkService: Quick dispatch of network change.
May 10, 2021 22:52:48.047 [0x7f48ecadcbc0] DEBUG - NetworkService: Creating new service.
May 10, 2021 22:52:48.047 [0x7f48ecadcbc0] DEBUG - NetworkService: Got notification of changed network (first change: 1)
May 10, 2021 22:52:48.047 [0x7f48ecadcbc0] DEBUG - NetworkService: Quick dispatch of network change.
May 10, 2021 22:52:48.047 [0x7f48ecadcbc0] DEBUG - NetworkService: Creating new service.
May 10, 2021 22:52:48.047 [0x7f48ecadcbc0] DEBUG - NetworkService: Got notification of changed network (first change: 1)
May 10, 2021 22:52:48.047 [0x7f48ecadcbc0] DEBUG - NetworkService: Quick dispatch of network change.
May 10, 2021 22:52:48.047 [0x7f48c7fff700] DEBUG - Network change for advertiser.
May 10, 2021 22:52:48.047 [0x7f48c7fff700] DEBUG - NetworkService: Setting up multicast listener on 0.0.0.0:32410
May 10, 2021 22:52:48.047 [0x7f48ecadcbc0] DEBUG - NetworkService: Creating new service.
May 10, 2021 22:52:48.047 [0x7f48c7fff700] DEBUG - Network change for advertiser.
May 10, 2021 22:52:48.047 [0x7f48c7fff700] DEBUG - NetworkService: Setting up multicast listener on 0.0.0.0:32412
May 10, 2021 22:52:48.047 [0x7f48c7fff700] DEBUG - NetworkService: Network change for browser (polled=0), closing 0 browse sockets.
May 10, 2021 22:52:48.047 [0x7f48c7fff700] DEBUG - NetworkService: Setting up multicast listener on 0.0.0.0:32413
May 10, 2021 22:52:48.048 [0x7f48c7fff700] DEBUG - NetworkService: Browsing on interface 127.0.0.1 on broadcast address 127.255.255.255 (index: 0)
May 10, 2021 22:52:48.048 [0x7f48c7fff700] DEBUG - NetworkService: Browsing on interface 172.24.0.5 on broadcast address 172.24.255.255 (index: 1)
May 10, 2021 22:52:48.048 [0x7f48c7fff700] DEBUG - NetworkService: Network change for browser (polled=1), closing 0 browse sockets.
May 10, 2021 22:52:48.048 [0x7f48ecadcbc0] DEBUG - NetworkService: Got notification of changed network (first change: 1)
May 10, 2021 22:52:48.048 [0x7f48ecadcbc0] DEBUG - NetworkService: Quick dispatch of network change.
May 10, 2021 22:52:48.048 [0x7f48c7fff700] DEBUG - NetworkService: Browsing on interface 127.0.0.1 on broadcast address 127.255.255.255 (index: 0)
May 10, 2021 22:52:48.048 [0x7f48c7fff700] DEBUG - NetworkService: Browsing on interface 172.24.0.5 on broadcast address 172.24.255.255 (index: 1)
May 10, 2021 22:52:48.048 [0x7f48c7fff700] DEBUG - NetworkService: Network change for browser (polled=0), closing 0 browse sockets.
May 10, 2021 22:52:48.048 [0x7f48c7fff700] DEBUG - NetworkService: Setting up multicast listener on 0.0.0.0:1901
May 10, 2021 22:52:48.048 [0x7f48c7fff700] DEBUG - NetworkService: Browsing on interface 172.24.0.5 on broadcast address 239.255.255.250 (index: 0)
May 10, 2021 22:52:48.049 [0x7f48ecadcbc0] DEBUG - Starting HTTP server.
May 10, 2021 22:52:48.049 [0x7f48ecadcbc0] DEBUG - Running server...
May 10, 2021 22:52:48.049 [0x7f48c5ffb700] DEBUG - [ChildProcessMonitor] Plex Tuner Service starting.
May 10, 2021 22:52:48.049 [0x7f48ecadcbc0] DEBUG - Waiting for server condition to be signaled.
May 10, 2021 22:52:48.049 [0x7f48c57fa700] DEBUG - HttpServer: Set up a thread pool with 2 threads.
May 10, 2021 22:52:48.050 [0x7f48c57fa700] DEBUG - HTTP requesting GET https://plex.tv/api/v2/user/privacy?X-Plex-Token=xxxxxxxxxxxxxxxxxxxx
May 10, 2021 22:52:48.049 [0x7f48c5ffb700] DEBUG - [ChildProcessMonitor/JobRunner] Job running: '/usr/lib/plexmediaserver/Plex Tuner Service' '/usr/lib/plexmediaserver/Resources/Tuner/Private' '/usr/lib/plexmediaserver/Resources/Tuner/Shared' '1.22.3.4392-d7c624def' '32600'
May 10, 2021 22:52:48.052 [0x7f48c6ffd700] DEBUG - Request: [127.0.0.1:40016 (Loopback)] GET /:/plugins/com.plexapp.system/messaging/function/X0J1bmRsZVNlcnZpY2U6QWxsU2VydmljZXM_/Y2VyZWFsMQoxCmxpc3QKMApyMAo_/Y2VyZWFsMQoxCmRpY3QKMApyMAo_ (4 live) GZIP Signed-in Token (Belegan243)
May 10, 2021 22:52:48.053 [0x7f48c5ffb700] DEBUG - [ChildProcessMonitor/JobRunner] Jobs: Starting child process with pid 389
May 10, 2021 22:52:48.054 [0x7f48c4ff9700] DEBUG - Request: [127.0.0.1:40018 (Loopback)] GET / (4 live) GZIP Signed-in Token (Belegan243)
May 10, 2021 22:52:48.054 [0x7f489ffff700] DEBUG - Request: [127.0.0.1:40020 (Loopback)] GET /servers (4 live) GZIP Signed-in Token (Belegan243)
May 10, 2021 22:52:48.055 [0x7f48c6ffd700] DEBUG - Translator: Found locale zh_CN
May 10, 2021 22:52:48.055 [0x7f48c6ffd700] DEBUG - Translator: Found locale en
May 10, 2021 22:52:48.055 [0x7f48c6ffd700] DEBUG - Translator: Found locale lt
May 10, 2021 22:52:48.055 [0x7f48c6ffd700] DEBUG - Translator: Found locale sl
May 10, 2021 22:52:48.055 [0x7f48c6ffd700] DEBUG - Translator: Found locale pl
May 10, 2021 22:52:48.055 [0x7f48c6ffd700] DEBUG - Translator: Found locale af
May 10, 2021 22:52:48.055 [0x7f48c6ffd700] DEBUG - Translator: Found locale fr
May 10, 2021 22:52:48.055 [0x7f48c6ffd700] DEBUG - Translator: Found locale pt
May 10, 2021 22:52:48.055 [0x7f48c6ffd700] DEBUG - Translator: Found locale ro
May 10, 2021 22:52:48.055 [0x7f48c6ffd700] DEBUG - Translator: Found locale hu_HU
May 10, 2021 22:52:48.055 [0x7f48c6ffd700] DEBUG - Translator: Found locale ar
May 10, 2021 22:52:48.055 [0x7f48c6ffd700] DEBUG - Translator: Found locale da
May 10, 2021 22:52:48.055 [0x7f48c6ffd700] DEBUG - Translator: Found locale de
May 10, 2021 22:52:48.055 [0x7f48c6ffd700] DEBUG - Translator: Found locale no
May 10, 2021 22:52:48.055 [0x7f48c6ffd700] DEBUG - Translator: Found locale sr
May 10, 2021 22:52:48.055 [0x7f48c6ffd700] DEBUG - Translator: Found locale fi
May 10, 2021 22:52:48.055 [0x7f48c6ffd700] DEBUG - Translator: Found locale hu
May 10, 2021 22:52:48.055 [0x7f48c6ffd700] DEBUG - Translator: Found locale cs_CZ
May 10, 2021 22:52:48.055 [0x7f48c6ffd700] DEBUG - Translator: Found locale sk
May 10, 2021 22:52:48.055 [0x7f48c6ffd700] DEBUG - Translator: Found locale et_EE
May 10, 2021 22:52:48.055 [0x7f48c6ffd700] DEBUG - Translator: Found locale he
May 10, 2021 22:52:48.055 [0x7f48c6ffd700] DEBUG - Translator: Found locale ru
May 10, 2021 22:52:48.055 [0x7f48c6ffd700] DEBUG - Translator: Found locale ja_JP
May 10, 2021 22:52:48.055 [0x7f48c6ffd700] DEBUG - Translator: Found locale ko
May 10, 2021 22:52:48.056 [0x7f48c6ffd700] DEBUG - Translator: Found locale hr_HR
May 10, 2021 22:52:48.056 [0x7f48c6ffd700] DEBUG - Translator: Found locale es
May 10, 2021 22:52:48.056 [0x7f48c6ffd700] DEBUG - Translator: Found locale nl_BE
May 10, 2021 22:52:48.056 [0x7f48c6ffd700] DEBUG - Translator: Found locale nl
May 10, 2021 22:52:48.056 [0x7f48c6ffd700] DEBUG - Translator: Found locale sv
May 10, 2021 22:52:48.056 [0x7f48c6ffd700] DEBUG - Translator: Found locale it
May 10, 2021 22:52:48.056 [0x7f48c6ffd700] DEBUG - Translator: Found locale pt_BR
May 10, 2021 22:52:48.064 [0x7f48c6ffd700] DEBUG - [com.plexapp.system] Sending command over HTTP (GET): /:/plugins/com.plexapp.system/messaging/function/X0J1bmRsZVNlcnZpY2U6QWxsU2VydmljZXM_/Y2VyZWFsMQoxCmxpc3QKMApyMAo_/Y2VyZWFsMQoxCmRpY3QKMApyMAo_
May 10, 2021 22:52:48.064 [0x7f48c6ffd700] DEBUG - HTTP requesting GET http://127.0.0.1:34527/:/plugins/com.plexapp.system/messaging/function/X0J1bmRsZVNlcnZpY2U6QWxsU2VydmljZXM_/Y2VyZWFsMQoxCmxpc3QKMApyMAo_/Y2VyZWFsMQoxCmRpY3QKMApyMAo_
May 10, 2021 22:52:48.065 [0x7f48e960a700] DEBUG - Completed: [127.0.0.1:40020] 200 GET /servers (4 live) GZIP 12ms 490 bytes
May 10, 2021 22:52:48.065 [0x7f48e960a700] DEBUG - Completed: [127.0.0.1:40018] 200 GET / (3 live) GZIP 12ms 3115 bytes
May 10, 2021 22:52:48.106 [0x7f489ffff700] DEBUG - Request: [127.0.0.1:40048 (Loopback)] GET /library/sections (3 live) GZIP Signed-in Token (Belegan243)
May 10, 2021 22:52:48.108 [0x7f48e960a700] DEBUG - Completed: [127.0.0.1:40048] 200 GET /library/sections (3 live) GZIP 1ms 1168 bytes
May 10, 2021 22:52:48.125 [0x7f48e9e0b700] DEBUG - HTTP/1.1 (0.1s) 200 response from GET http://plex.tv/pms/:/ip
May 10, 2021 22:52:48.125 [0x7f48e9e0b700] DEBUG - PublicAddressManager: Got public IP from http://plex.tv: 78.129.62.36
May 10, 2021 22:52:48.130 [0x7f48c4ff9700] DEBUG - Request: [127.0.0.1:40050 (Loopback)] GET /channels/all (3 live) GZIP Signed-in Token (Belegan243)
May 10, 2021 22:52:48.130 [0x7f48e960a700] DEBUG - Completed: [127.0.0.1:40050] 200 GET /channels/all (3 live) GZIP 0ms 387 bytes
May 10, 2021 22:52:48.139 [0x7f48c6ffd700] DEBUG - HTTP/1.1 (0.1s) 200 response from GET http://127.0.0.1:34527/:/plugins/com.plexapp.system/messaging/function/X0J1bmRsZVNlcnZpY2U6QWxsU2VydmljZXM_/Y2VyZWFsMQoxCmxpc3QKMApyMAo_/Y2VyZWFsMQoxCmRpY3QKMApyMAo_
May 10, 2021 22:52:48.139 [0x7f48c6ffd700] DEBUG - [com.plexapp.system] HTTP reply status 200, with 516 bytes of content.
May 10, 2021 22:52:48.140 [0x7f48e8e09700] DEBUG - Completed: [127.0.0.1:40016] 200 GET /:/plugins/com.plexapp.system/messaging/function/X0J1bmRsZVNlcnZpY2U6QWxsU2VydmljZXM_/Y2VyZWFsMQoxCmxpc3QKMApyMAo_/Y2VyZWFsMQoxCmRpY3QKMApyMAo_ (2 live) GZIP 88ms 746 bytes
May 10, 2021 22:52:48.161 [0x7f489ffff700] DEBUG - Request: [127.0.0.1:40052 (Loopback)] GET /library/sections (2 live) GZIP Signed-in Token (Belegan243)
May 10, 2021 22:52:48.162 [0x7f48e8e09700] DEBUG - Completed: [127.0.0.1:40052] 200 GET /library/sections (2 live) GZIP 1ms 1168 bytes
May 10, 2021 22:52:48.170 [0x7f48e17fa700] DEBUG - HTTP/1.1 (0.1s) 200 response from GET http://127.0.0.1:34527/system/agents
May 10, 2021 22:52:48.170 [0x7f48e17fa700] DEBUG - [com.plexapp.system] HTTP reply status 200, with 11288 bytes of content.
May 10, 2021 22:52:48.172 [0x7f48c4ff9700] DEBUG - Request: [127.0.0.1:40054 (Loopback)] GET /channels/all (2 live) GZIP Signed-in Token (Belegan243)
May 10, 2021 22:52:48.173 [0x7f48e960a700] DEBUG - Completed: [127.0.0.1:40054] 200 GET /channels/all (2 live) GZIP 0ms 387 bytes
May 10, 2021 22:52:48.173 [0x7f48e17fa700] DEBUG - The system knows about 17 agents.
May 10, 2021 22:52:48.173 [0x7f489f7fe700] DEBUG - Starting plug-in /usr/lib/plexmediaserver/Resources/Plug-ins-d7c624def/OpenSubtitles.bundle.
May 10, 2021 22:52:48.173 [0x7f489effd700] DEBUG - Starting plug-in /usr/lib/plexmediaserver/Resources/Plug-ins-d7c624def/WebClient.bundle.
May 10, 2021 22:52:48.173 [0x7f48e17fa700] DEBUG - Waiting for 20 plug-ins to finish starting.
May 10, 2021 22:52:48.173 [0x7f489e7fc700] DEBUG - Starting plug-in /usr/lib/plexmediaserver/Resources/Plug-ins-d7c624def/Fanart-TV.bundle.
May 10, 2021 22:52:48.174 [0x7f489e7fc700] DEBUG - Perfect cache hit, we don't need to start [com.plexapp.agents.fanarttv] yet.
May 10, 2021 22:52:48.174 [0x7f489f7fe700] DEBUG - Perfect cache hit, we don't need to start [com.plexapp.agents.opensubtitles] yet.
May 10, 2021 22:52:48.174 [0x7f489f7fe700] DEBUG - Starting plug-in /usr/lib/plexmediaserver/Resources/Plug-ins-d7c624def/LocalMedia.bundle.
May 10, 2021 22:52:48.174 [0x7f489effd700] DEBUG - Starting plug-in /usr/lib/plexmediaserver/Resources/Plug-ins-d7c624def/PlexSeries.bundle.
May 10, 2021 22:52:48.175 [0x7f489effd700] DEBUG - Perfect cache hit, we don't need to start [tv.plex.agents.series] yet.
May 10, 2021 22:52:48.175 [0x7f489f7fe700] DEBUG - Perfect cache hit, we don't need to start [com.plexapp.agents.localmedia] yet.
May 10, 2021 22:52:48.175 [0x7f489effd700] DEBUG - Starting plug-in /usr/lib/plexmediaserver/Resources/Plug-ins-d7c624def/Media-Flags.bundle.
May 10, 2021 22:52:48.175 [0x7f489f7fe700] DEBUG - Starting plug-in /usr/lib/plexmediaserver/Resources/Plug-ins-d7c624def/Framework.bundle.
May 10, 2021 22:52:48.175 [0x7f489e7fc700] DEBUG - Starting plug-in /usr/lib/plexmediaserver/Resources/Plug-ins-d7c624def/MoviePosterDB.bundle.
May 10, 2021 22:52:48.176 [0x7f489effd700] DEBUG - Starting plug-in /usr/lib/plexmediaserver/Resources/Plug-ins-d7c624def/PlexMusic.bundle.
May 10, 2021 22:52:48.176 [0x7f489e7fc700] DEBUG - Perfect cache hit, we don't need to start [com.plexapp.agents.movieposterdb] yet.
May 10, 2021 22:52:48.176 [0x7f489f7fe700] DEBUG - Starting plug-in /usr/lib/plexmediaserver/Resources/Plug-ins-d7c624def/PlexMovie.bundle.
May 10, 2021 22:52:48.176 [0x7f489e7fc700] DEBUG - Starting plug-in /usr/lib/plexmediaserver/Resources/Plug-ins-d7c624def/HTbackdrops.bundle.
May 10, 2021 22:52:48.176 [0x7f489effd700] DEBUG - Perfect cache hit, we don't need to start [tv.plex.agents.music] yet.
May 10, 2021 22:52:48.176 [0x7f489effd700] DEBUG - Starting plug-in /usr/lib/plexmediaserver/Resources/Plug-ins-d7c624def/Scanners.bundle.
May 10, 2021 22:52:48.177 [0x7f489effd700] DEBUG - Starting plug-in /usr/lib/plexmediaserver/Resources/Plug-ins-d7c624def/LyricFind.bundle.
May 10, 2021 22:52:48.177 [0x7f489f7fe700] DEBUG - Perfect cache hit, we don't need to start [com.plexapp.agents.imdb] yet.
May 10, 2021 22:52:48.177 [0x7f489f7fe700] DEBUG - Starting plug-in /usr/lib/plexmediaserver/Resources/Plug-ins-d7c624def/PlexThemeMusic.bundle.
May 10, 2021 22:52:48.177 [0x7f489e7fc700] DEBUG - Perfect cache hit, we don't need to start [com.plexapp.agents.htbackdrops] yet.
May 10, 2021 22:52:48.177 [0x7f489e7fc700] DEBUG - Starting plug-in /usr/lib/plexmediaserver/Resources/Plug-ins-d7c624def/TheTVDB.bundle.
May 10, 2021 22:52:48.177 [0x7f489effd700] DEBUG - Perfect cache hit, we don't need to start [com.plexapp.agents.lyricfind] yet.
May 10, 2021 22:52:48.177 [0x7f489effd700] DEBUG - Starting plug-in /usr/lib/plexmediaserver/Resources/Plug-ins-d7c624def/TheMovieDB.bundle.
May 10, 2021 22:52:48.177 [0x7f489e7fc700] DEBUG - Perfect cache hit, we don't need to start [com.plexapp.agents.thetvdb] yet.
May 10, 2021 22:52:48.178 [0x7f489e7fc700] DEBUG - Starting plug-in /usr/lib/plexmediaserver/Resources/Plug-ins-d7c624def/PersonalMedia.bundle.
May 10, 2021 22:52:48.177 [0x7f489f7fe700] DEBUG - Perfect cache hit, we don't need to start [com.plexapp.agents.plexthememusic] yet.
May 10, 2021 22:52:48.178 [0x7f489f7fe700] DEBUG - Starting plug-in /usr/lib/plexmediaserver/Resources/Plug-ins-d7c624def/PlexMovieNew.bundle.
May 10, 2021 22:52:48.178 [0x7f489effd700] DEBUG - Perfect cache hit, we don't need to start [com.plexapp.agents.themoviedb] yet.
May 10, 2021 22:52:48.178 [0x7f489effd700] DEBUG - Starting plug-in /usr/lib/plexmediaserver/Resources/Plug-ins-d7c624def/LastFM.bundle.
May 10, 2021 22:52:48.178 [0x7f489e7fc700] DEBUG - Perfect cache hit, we don't need to start [com.plexapp.agents.none] yet.
May 10, 2021 22:52:48.178 [0x7f489e7fc700] DEBUG - Starting plug-in /usr/lib/plexmediaserver/Resources/Plug-ins-d7c624def/Musicbrainz.bundle.
May 10, 2021 22:52:48.178 [0x7f489f7fe700] DEBUG - Perfect cache hit, we don't need to start [tv.plex.agents.movie] yet.
May 10, 2021 22:52:48.179 [0x7f489effd700] DEBUG - Perfect cache hit, we don't need to start [com.plexapp.agents.lastfm] yet.
May 10, 2021 22:52:48.179 [0x7f489e7fc700] DEBUG - Perfect cache hit, we don't need to start [org.musicbrainz.agents.music] yet.
May 10, 2021 22:52:48.180 [0x7f48e17fa700] DEBUG - Starting scheduled updates, every 3600 seconds
May 10, 2021 22:52:48.180 [0x7f48e17fa700] INFO - LibraryUpdateManager path watching is disabled
May 10, 2021 22:52:48.180 [0x7f48e17fa700] DEBUG - Done waiting for all plug-ins to start.
May 10, 2021 22:52:48.180 [0x7f48677fe700] DEBUG - Downloading document http://127.0.0.1:32400/:/plugins/com.plexapp.agents.imdb/prefs
May 10, 2021 22:52:48.180 [0x7f48e17fa700] DEBUG - PluginRepository::setStartState: 3, complete
May 10, 2021 22:52:48.180 [0x7f48677fe700] DEBUG - Starting file watcher for com.plexapp.agents.imdb
May 10, 2021 22:52:48.186 [0x7f48677fe700] DEBUG - Spawned plug-in com.plexapp.agents.imdb with PID 420
May 10, 2021 22:52:48.186 [0x7f48677fe700] DEBUG - [com.plexapp.agents.imdb] Sending command: GET /:/prefixes
May 10, 2021 22:52:48.237 [0x7f48e3fff700] DEBUG - HTTP/1.1 (0.2s) 200 response from GET https://plex.tv/media/providers?X-Plex-Token=xxxxxxxxxxxxxxxxxxxx
May 10, 2021 22:52:48.258 [0x7f48c67fc700] DEBUG - [JobRunner] Job running: '/usr/lib/plexmediaserver/CrashUploader' '--directory=/config/Library/Application Support/Plex Media Server/Crash Reports/1.22.3.4392-d7c624def' '--version=1.22.3.4392-d7c624def' '--platform=Linux' '--platformVersion=5.10.25-linuxkit' '--serverUuid=778bafc1525ee34cda762656e6028ff3452e0b58' '--userId=berkill24@gmail.com' '--sentryUrl=https://sentry.io/api/1233455/minidump' '--sentryKey=xxxxxxxxxxxxxxxxxxxxxxxxxxxxxxxx' '--vendor=Docker' '--model=x86_64' '--device=Docker Container (LinuxServer.io)' '--allowRetries=0'
May 10, 2021 22:52:48.258 [0x7f48c67fc700] DEBUG - [JobRunner] Jobs: Starting child process with pid 421
May 10, 2021 22:52:48.270 [0x7f48eb7ea700] DEBUG - Jobs: '/usr/lib/plexmediaserver/CrashUploader' exit code for process 421 is 0 (success)
May 10, 2021 22:52:48.751 [0x7f48c6ffd700] DEBUG - Request: [127.0.0.1:40056 (Loopback)] GET /system/messaging/clear_events/com.plexapp.agents.imdb (2 live) GZIP Signed-in Token (Belegan243)
May 10, 2021 22:52:48.752 [0x7f48c6ffd700] DEBUG - [com.plexapp.system] Sending command over HTTP (GET): /system/messaging/clear_events/com.plexapp.agents.imdb
May 10, 2021 22:52:48.752 [0x7f48c6ffd700] DEBUG - HTTP requesting GET http://127.0.0.1:34527/system/messaging/clear_events/com.plexapp.agents.imdb
May 10, 2021 22:52:48.761 [0x7f48c6ffd700] DEBUG - HTTP/1.1 (0.0s) 200 response from GET http://127.0.0.1:34527/system/messaging/clear_events/com.plexapp.agents.imdb (reused)
May 10, 2021 22:52:48.761 [0x7f48c6ffd700] DEBUG - [com.plexapp.system] HTTP reply status 200, with 0 bytes of content.
May 10, 2021 22:52:48.761 [0x7f48e960a700] DEBUG - Completed: [127.0.0.1:40056] 200 GET /system/messaging/clear_events/com.plexapp.agents.imdb (2 live) GZIP 10ms 280 bytes
May 10, 2021 22:52:48.871 [0x7f489ffff700] DEBUG - Request: [127.0.0.1:40060 (Loopback)] GET /:/plugins/com.plexapp.system/resourceHashes (2 live) GZIP Signed-in Token (Belegan243)
May 10, 2021 22:52:48.871 [0x7f489ffff700] DEBUG - [com.plexapp.system] Sending command over HTTP (GET): /:/plugins/com.plexapp.system/resourceHashes
May 10, 2021 22:52:48.871 [0x7f489ffff700] DEBUG - HTTP requesting GET http://127.0.0.1:34527/:/plugins/com.plexapp.system/resourceHashes
May 10, 2021 22:52:48.948 [0x7f489ffff700] DEBUG - HTTP/1.1 (0.1s) 200 response from GET http://127.0.0.1:34527/:/plugins/com.plexapp.system/resourceHashes
May 10, 2021 22:52:48.948 [0x7f489ffff700] DEBUG - [com.plexapp.system] HTTP reply status 200, with 13276 bytes of content.
May 10, 2021 22:52:48.949 [0x7f48e960a700] DEBUG - Completed: [127.0.0.1:40060] 200 GET /:/plugins/com.plexapp.system/resourceHashes (2 live) GZIP 78ms 3448 bytes
May 10, 2021 22:52:48.966 [0x7f48c4ff9700] DEBUG - Request: [127.0.0.1:40068 (Loopback)] GET /:/plugins/com.plexapp.system/messaging/function/X0J1bmRsZVNlcnZpY2U6QWxsU2VydmljZXM_/Y2VyZWFsMQoxCmxpc3QKMApyMAo_/Y2VyZWFsMQoxCmRpY3QKMApyMAo_ (2 live) GZIP Signed-in Token (Belegan243)
May 10, 2021 22:52:48.966 [0x7f48c4ff9700] DEBUG - [com.plexapp.system] Sending command over HTTP (GET): /:/plugins/com.plexapp.system/messaging/function/X0J1bmRsZVNlcnZpY2U6QWxsU2VydmljZXM_/Y2VyZWFsMQoxCmxpc3QKMApyMAo_/Y2VyZWFsMQoxCmRpY3QKMApyMAo_
May 10, 2021 22:52:48.966 [0x7f48c4ff9700] DEBUG - HTTP requesting GET http://127.0.0.1:34527/:/plugins/com.plexapp.system/messaging/function/X0J1bmRsZVNlcnZpY2U6QWxsU2VydmljZXM_/Y2VyZWFsMQoxCmxpc3QKMApyMAo_/Y2VyZWFsMQoxCmRpY3QKMApyMAo_
May 10, 2021 22:52:48.970 [0x7f48c6ffd700] DEBUG - Request: [127.0.0.1:40074 (Loopback)] GET / (3 live) GZIP Signed-in Token (Belegan243)
May 10, 2021 22:52:48.971 [0x7f48e960a700] DEBUG - Completed: [127.0.0.1:40074] 200 GET / (3 live) GZIP 0ms 3104 bytes
May 10, 2021 22:52:48.977 [0x7f48c4ff9700] DEBUG - HTTP/1.1 (0.0s) 200 response from GET http://127.0.0.1:34527/:/plugins/com.plexapp.system/messaging/function/X0J1bmRsZVNlcnZpY2U6QWxsU2VydmljZXM_/Y2VyZWFsMQoxCmxpc3QKMApyMAo_/Y2VyZWFsMQoxCmRpY3QKMApyMAo_
May 10, 2021 22:52:48.977 [0x7f48c4ff9700] DEBUG - [com.plexapp.system] HTTP reply status 200, with 516 bytes of content.
May 10, 2021 22:52:48.978 [0x7f48e960a700] DEBUG - Completed: [127.0.0.1:40068] 200 GET /:/plugins/com.plexapp.system/messaging/function/X0J1bmRsZVNlcnZpY2U6QWxsU2VydmljZXM_/Y2VyZWFsMQoxCmxpc3QKMApyMAo_/Y2VyZWFsMQoxCmRpY3QKMApyMAo_ (2 live) GZIP 11ms 746 bytes
May 10, 2021 22:52:49.278 [0x7f48c57fa700] DEBUG - HTTP/1.1 (1.2s) 200 response from GET https://plex.tv/api/v2/user/privacy?X-Plex-Token=xxxxxxxxxxxxxxxxxxxx
May 10, 2021 22:52:49.284 [0x7f48c57fa700] DEBUG - HTTP requesting GET https://plex.tv/api/v2/release_channels?X-Plex-Token=xxxxxxxxxxxxxxxxxxxx
May 10, 2021 22:52:49.338 [0x7f48c57fa700] DEBUG - HTTP/1.1 (0.1s) 200 response from GET https://plex.tv/api/v2/release_channels?X-Plex-Token=xxxxxxxxxxxxxxxxxxxx (reused)
May 10, 2021 22:52:49.344 [0x7f48c57fa700] DEBUG - Running database fix-ups.
May 10, 2021 22:52:49.344 [0x7f489f7fe700] DEBUG - Versions: updating status for generator 2
May 10, 2021 22:52:49.344 [0x7f48c57fa700] DEBUG - Database Fixups: Destroyed 0 transient items.
May 10, 2021 22:52:49.344 [0x7f489f7fe700] ERROR - LPE: unknown item 5.
May 10, 2021 22:52:49.344 [0x7f489f7fe700] ERROR - Versions: failed to generate query for path library:///directory/%2Flibrary%2Fmetadata%2F5%2Fchildren
May 10, 2021 22:52:49.344 [0x7f489f7fe700] ERROR - Versions: empty version set query, unable to update status for generator 2
May 10, 2021 22:52:49.344 [0x7f489f7fe700] DEBUG - BPQ: generator 2 is in failed state
May 10, 2021 22:52:49.345 [0x7f48c57fa700] DEBUG - Collections: Found 0 collections tags in section 1.
May 10, 2021 22:52:49.345 [0x7f48c57fa700] DEBUG - Collections: We had 0 collections in the library already.
May 10, 2021 22:52:49.345 [0x7f48c57fa700] DEBUG - Collections: Synced tags in section 1 in 0ms.
May 10, 2021 22:52:49.345 [0x7f48c57fa700] DEBUG - Collections: Refreshed attributes for 0 collections in section 1 in 0ms.
May 10, 2021 22:52:49.345 [0x7f48c57fa700] DEBUG - Collection: Refreshed visibility in section 1 in 0ms.
May 10, 2021 22:52:49.346 [0x7f48c57fa700] DEBUG - Collections: Refreshed attributes for 0 collections in section 1 in 0ms.
May 10, 2021 22:52:49.346 [0x7f48c57fa700] DEBUG - Collections: Found 0 collections tags in section 2.
May 10, 2021 22:52:49.346 [0x7f48c57fa700] DEBUG - Collections: We had 0 collections in the library already.
May 10, 2021 22:52:49.346 [0x7f48c57fa700] DEBUG - Collections: Synced tags in section 2 in 0ms.
May 10, 2021 22:52:49.347 [0x7f48c57fa700] DEBUG - Collections: Found 0 collections tags in section 2.
May 10, 2021 22:52:49.347 [0x7f48c57fa700] DEBUG - Collections: We had 0 collections in the library already.
May 10, 2021 22:52:49.347 [0x7f48c57fa700] DEBUG - Collections: Synced tags in section 2 in 0ms.
May 10, 2021 22:52:49.347 [0x7f48c57fa700] DEBUG - Collections: Found 0 collections tags in section 2.
May 10, 2021 22:52:49.347 [0x7f48c57fa700] DEBUG - Collections: We had 0 collections in the library already.
May 10, 2021 22:52:49.347 [0x7f48c57fa700] DEBUG - Collections: Synced tags in section 2 in 0ms.
May 10, 2021 22:52:49.347 [0x7f48c57fa700] DEBUG - Collections: Refreshed attributes for 0 collections in section 2 in 0ms.
May 10, 2021 22:52:49.347 [0x7f48c57fa700] DEBUG - Collection: Refreshed visibility in section 2 in 0ms.
May 10, 2021 22:52:49.348 [0x7f48c57fa700] DEBUG - Collections: Refreshed attributes for 0 collections in section 2 in 1ms.
May 10, 2021 22:52:49.349 [0x7f48c57fa700] DEBUG - Collections: Found 0 collections tags in section 5.
May 10, 2021 22:52:49.349 [0x7f48c57fa700] DEBUG - Collections: We had 0 collections in the library already.
May 10, 2021 22:52:49.349 [0x7f48c57fa700] DEBUG - Collections: Synced tags in section 5 in 0ms.
May 10, 2021 22:52:49.350 [0x7f48c57fa700] DEBUG - Collections: Refreshed attributes for 0 collections in section 5 in 0ms.
May 10, 2021 22:52:49.350 [0x7f48c57fa700] DEBUG - Collection: Refreshed visibility in section 5 in 0ms.
May 10, 2021 22:52:49.352 [0x7f48c57fa700] DEBUG - Collections: Refreshed attributes for 0 collections in section 5 in 1ms.
May 10, 2021 22:52:49.352 [0x7f48c57fa700] DEBUG - Running database fix-ups completed in 0.0 seconds.
May 10, 2021 22:52:49.352 [0x7f48c57fa700] DEBUG - HTTP requesting GET https://plex.tv/api/v2/features?X-Plex-Token=xxxxxxxxxxxxxxxxxxxx
May 10, 2021 22:52:49.439 [0x7f48c57fa700] DEBUG - HTTP/1.1 (0.1s) 200 response from GET https://plex.tv/api/v2/features?X-Plex-Token=xxxxxxxxxxxxxxxxxxxx (reused)
May 10, 2021 22:52:49.445 [0x7f487f7fe700] DEBUG - DVR: Starting up.
May 10, 2021 22:52:49.446 [0x7f487f7fe700] DEBUG - Activity: registered new activity 85dc89b9-94f1-459a-9a72-0fad017859d2 - "Processing subscriptions"
May 10, 2021 22:52:49.446 [0x7f487f7fe700] DEBUG - HTTP requesting GET https://plex.tv/media/providers?X-Plex-Token=xxxxxxxxxxxxxxxxxxxx
May 10, 2021 22:52:49.466 [0x7f48c57fa700] DEBUG - PublicAddressManager: Obtaining public address and mapping port.
May 10, 2021 22:52:49.501 [0x7f48c4ff9700] DEBUG - Request: [127.0.0.1:40082 (Loopback)] GET /:/plugins/com.plexapp.system/messaging/function/X0FnZW50U2VydmljZTpVcGRhdGVJbmZv/Y2VyZWFsMQoxCmxpc3QKMApyMAo_/Y2VyZWFsMQo3CmRpY3QKbGlzdApkaWN0Cmxpc3QKbGlzdApsaXN0Cmxpc3QKMgpzMjMKY29tLnBsZXhhcHAuYWdlbnRzLmltZGJzMTAKaWRlbnRpZmllcnIxCnMxMAphZ2VudF9pbmZvMQpyMgoxMApyMwpzMTEKbWVkaWFfdHlwZXNyNApzMTIKYWNjZXB0c19mcm9tbnMxNApmYWxsYmFja19hZ2VudHI1CnMxNApjb250cmlidXRlc190b3I2CnM5Cmxhbmd1YWdlc2IxczIwCnBlcnNpc3Rfc3RvcmVkX2ZpbGVzaTAKczcKdmVyc2lvbmIxczE2CnByaW1hcnlfcHJvdmlkZXJiMXM1CnByZWZzczEwClBsZXggTW92aWVzNApuYW1lMQpzNQpNb3ZpZTEKczI5CmNvbS5wbGV4YXBwLmFnZW50cy5sb2NhbG1lZGlhMQpzMjkKY29tLnBsZXhhcHAuYWdlbnRzLnRoZW1vdmllZGIzMwpzMgplbnMyCnN2czIKZnJzMgplc3MyCm5sczIKZGVzMgppdHMyCmRhczIKYXJzMgpjYXMyCnpoczIKY3NzMgpldHMyCmZpczIKZWxzMgpoZXMyCmhpczIKaHVzMgppZHMyCmphczIKa29zMgpsdnMyCm5vczIKZmFzMgpwbHMyCnB0czIKcm9zMgpydXMyCnNrczIKdGhzMgp0cnMyCnVrczIKdmlyMAo_ (2 live) GZIP Signed-in Token (Belegan243)
May 10, 2021 22:52:49.502 [0x7f48c4ff9700] DEBUG - [com.plexapp.system] Sending command over HTTP (GET): /:/plugins/com.plexapp.system/messaging/function/X0FnZW50U2VydmljZTpVcGRhdGVJbmZv/Y2VyZWFsMQoxCmxpc3QKMApyMAo_/Y2VyZWFsMQo3CmRpY3QKbGlzdApkaWN0Cmxpc3QKbGlzdApsaXN0Cmxpc3QKMgpzMjMKY29tLnBsZXhhcHAuYWdlbnRzLmltZGJzMTAKaWRlbnRpZmllcnIxCnMxMAphZ2VudF9pbmZvMQpyMgoxMApyMwpzMTEKbWVkaWFfdHlwZXNyNApzMTIKYWNjZXB0c19mcm9tbnMxNApmYWxsYmFja19hZ2VudHI1CnMxNApjb250cmlidXRlc190b3I2CnM5Cmxhbmd1YWdlc2IxczIwCnBlcnNpc3Rfc3RvcmVkX2ZpbGVzaTAKczcKdmVyc2lvbmIxczE2CnByaW1hcnlfcHJvdmlkZXJiMXM1CnByZWZzczEwClBsZXggTW92aWVzNApuYW1lMQpzNQpNb3ZpZTEKczI5CmNvbS5wbGV4YXBwLmFnZW50cy5sb2NhbG1lZGlhMQpzMjkKY29tLnBsZXhhcHAuYWdlbnRzLnRoZW1vdmllZGIzMwpzMgplbnMyCnN2czIKZnJzMgplc3MyCm5sczIKZGVzMgppdHMyCmRhczIKYXJzMgpjYXMyCnpoczIKY3NzMgpldHMyCmZpczIKZWxzMgpoZXMyCmhpczIKaHVzMgppZHMyCmphczIKa29zMgpsdnMyCm5vczIKZmFzMgpwbHMyCnB0czIKcm9zMgpydXMyCnNrczIKdGhzMgp0cnMyCnVrczIKdmlyMAo_
May 10, 2021 22:52:49.502 [0x7f48c4ff9700] DEBUG - HTTP requesting GET http://127.0.0.1:34527/:/plugins/com.plexapp.system/messaging/function/X0FnZW50U2VydmljZTpVcGRhdGVJbmZv/Y2VyZWFsMQoxCmxpc3QKMApyMAo_/Y2VyZWFsMQo3CmRpY3QKbGlzdApkaWN0Cmxpc3QKbGlzdApsaXN0Cmxpc3QKMgpzMjMKY29tLnBsZXhhcHAuYWdlbnRzLmltZGJzMTAKaWRlbnRpZmllcnIxCnMxMAphZ2VudF9pbmZvMQpyMgoxMApyMwpzMTEKbWVkaWFfdHlwZXNyNApzMTIKYWNjZXB0c19mcm9tbnMxNApmYWxsYmFja19hZ2VudHI1CnMxNApjb250cmlidXRlc190b3I2CnM5Cmxhbmd1YWdlc2IxczIwCnBlcnNpc3Rfc3RvcmVkX2ZpbGVzaTAKczcKdmVyc2lvbmIxczE2CnByaW1hcnlfcHJvdmlkZXJiMXM1CnByZWZzczEwClBsZXggTW92aWVzNApuYW1lMQpzNQpNb3ZpZTEKczI5CmNvbS5wbGV4YXBwLmFnZW50cy5sb2NhbG1lZGlhMQpzMjkKY29tLnBsZXhhcHAuYWdlbnRzLnRoZW1vdmllZGIzMwpzMgplbnMyCnN2czIKZnJzMgplc3MyCm5sczIKZGVzMgppdHMyCmRhczIKYXJzMgpjYXMyCnpoczIKY3NzMgpldHMyCmZpczIKZWxzMgpoZXMyCmhpczIKaHVzMgppZHMyCmphczIKa29zMgpsdnMyCm5vczIKZmFzMgpwbHMyCnB0czIKcm9zMgpydXMyCnNrczIKdGhzMgp0cnMyCnVrczIKdmlyMAo_
May 10, 2021 22:52:49.512 [0x7f48c4ff9700] DEBUG - HTTP/1.1 (0.0s) 200 response from GET http://127.0.0.1:34527/:/plugins/com.plexapp.system/messaging/function/X0FnZW50U2VydmljZTpVcGRhdGVJbmZv/Y2VyZWFsMQoxCmxpc3QKMApyMAo_/Y2VyZWFsMQo3CmRpY3QKbGlzdApkaWN0Cmxpc3QKbGlzdApsaXN0Cmxpc3QKMgpzMjMKY29tLnBsZXhhcHAuYWdlbnRzLmltZGJzMTAKaWRlbnRpZmllcnIxCnMxMAphZ2VudF9pbmZvMQpyMgoxMApyMwpzMTEKbWVkaWFfdHlwZXNyNApzMTIKYWNjZXB0c19mcm9tbnMxNApmYWxsYmFja19hZ2VudHI1CnMxNApjb250cmlidXRlc190b3I2CnM5Cmxhbmd1YWdlc2IxczIwCnBlcnNpc3Rfc3RvcmVkX2ZpbGVzaTAKczcKdmVyc2lvbmIxczE2CnByaW1hcnlfcHJvdmlkZXJiMXM1CnByZWZzczEwClBsZXggTW92aWVzNApuYW1lMQpzNQpNb3ZpZTEKczI5CmNvbS5wbGV4YXBwLmFnZW50cy5sb2NhbG1lZGlhMQpzMjkKY29tLnBsZXhhcHAuYWdlbnRzLnRoZW1vdmllZGIzMwpzMgplbnMyCnN2czIKZnJzMgplc3MyCm5sczIKZGVzMgppdHMyCmRhczIKYXJzMgpjYXMyCnpoczIKY3NzMgpldHMyCmZpczIKZWxzMgpoZXMyCmhpczIKaHVzMgppZHMyCmphczIKa29zMgpsdnMyCm5vczIKZmFzMgpwbHMyCnB0czIKcm9zMgpydXMyCnNrczIKdGhzMgp0cnMyCnVrczIKdmlyMAo_
May 10, 2021 22:52:49.513 [0x7f48c4ff9700] DEBUG - [com.plexapp.system] HTTP reply status 200, with 16 bytes of content.
May 10, 2021 22:52:49.513 [0x7f48e960a700] DEBUG - Completed: [127.0.0.1:40082] 200 GET /:/plugins/com.plexapp.system/messaging/function/X0FnZW50U2VydmljZTpVcGRhdGVJbmZv/Y2VyZWFsMQoxCmxpc3QKMApyMAo_/Y2VyZWFsMQo3CmRpY3QKbGlzdApkaWN0Cmxpc3QKbGlzdApsaXN0Cmxpc3QKMgpzMjMKY29tLnBsZXhhcHAuYWdlbnRzLmltZGJzMTAKaWRlbnRpZmllcnIxCnMxMAphZ2VudF9pbmZvMQpyMgoxMApyMwpzMTEKbWVkaWFfdHlwZXNyNApzMTIKYWNjZXB0c19mcm9tbnMxNApmYWxsYmFja19hZ2VudHI1CnMxNApjb250cmlidXRlc190b3I2CnM5Cmxhbmd1YWdlc2IxczIwCnBlcnNpc3Rfc3RvcmVkX2ZpbGVzaTAKczcKdmVyc2lvbmIxczE2CnByaW1hcnlfcHJvdmlkZXJiMXM1CnByZWZzczEwClBsZXggTW92aWVzNApuYW1lMQpzNQpNb3ZpZTEKczI5CmNvbS5wbGV4YXBwLmFnZW50cy5sb2NhbG1lZGlhMQpzMjkKY29tLnBsZXhhcHAuYWdlbnRzLnRoZW1vdmllZGIzMwpzMgplbnMyCnN2czIKZnJzMgplc3MyCm5sczIKZGVzMgppdHMyCmRhczIKYXJzMgpjYXMyCnpoczIKY3NzMgpldHMyCmZpczIKZWxzMgpoZXMyCmhpczIKaHVzMgppZHMyCmphczIKa29zMgpsdnMyCm5vczIKZmFzMgpwbHMyCnB0czIKcm9zMgpydXMyCnNrczIKdGhzMgp0cnMyCnVrczIKdmlyMAo_ (2 live) GZIP 11ms 415 bytes
May 10, 2021 22:52:49.528 [0x7f48677fe700] DEBUG - Reading 148 bytes in the body, code is 200
May 10, 2021 22:52:49.528 [0x7f48677fe700] DEBUG - [com.plexapp.agents.imdb] Plug-in running on port 34699.
May 10, 2021 22:52:49.528 [0x7f48677fe700] DEBUG - Read configuration for [com.plexapp.agents.imdb], had 0 prefixes
May 10, 2021 22:52:49.528 [0x7f48677fe700] DEBUG - [com.plexapp.agents.imdb] Sending command over HTTP (GET): /:/plugins/com.plexapp.agents.imdb/prefs
May 10, 2021 22:52:49.529 [0x7f48677fe700] DEBUG - HTTP requesting GET http://127.0.0.1:34699/:/plugins/com.plexapp.agents.imdb/prefs
May 10, 2021 22:52:49.532 [0x7f487f7fe700] DEBUG - HTTP/1.1 (0.1s) 200 response from GET https://plex.tv/media/providers?X-Plex-Token=xxxxxxxxxxxxxxxxxxxx (reused)
May 10, 2021 22:52:49.554 [0x7f48677fe700] DEBUG - HTTP/1.1 (0.0s) 200 response from GET http://127.0.0.1:34699/:/plugins/com.plexapp.agents.imdb/prefs
May 10, 2021 22:52:49.554 [0x7f48677fe700] DEBUG - [com.plexapp.agents.imdb] HTTP reply status 200, with 2224 bytes of content.
May 10, 2021 22:52:49.554 [0x7f48677fe700] DEBUG - Caching document http://127.0.0.1:32400/:/plugins/com.plexapp.agents.imdb/prefs as 2e6fba5716c47d4f6ace40bd4c7fc66ce4a37c6f
May 10, 2021 22:52:49.554 [0x7f48677fe700] DEBUG - IVA: Downloading trailer lists.
May 10, 2021 22:52:49.680 [0x7f48677fe700] DEBUG - IVA: Downloaded 27 trailers for source 1.
May 10, 2021 22:52:49.738 [0x7f48677fe700] DEBUG - IVA: Downloaded 20 trailers for source 2.
May 10, 2021 22:52:50.471 [0x7f48e37fe700] DEBUG - HTTP/1.1 (2.4s) 200 response from GET https://plex.tv/api/v2/user?includeSubscriptions=1&includeProviders=1
May 10, 2021 22:52:50.479 [0x7f48e37fe700] DEBUG - MyPlex: username is Belegan243, login is berkill24@gmail.com, home is 0, no pin
May 10, 2021 22:52:50.488 [0x7f48e37fe700] DEBUG - HTTP requesting GET https://plex.tv/api/v2/geoip
May 10, 2021 22:52:50.552 [0x7f48e37fe700] DEBUG - HTTP/1.1 (0.1s) 200 response from GET https://plex.tv/api/v2/geoip (reused)
May 10, 2021 22:52:50.553 [0x7f48e37fe700] DEBUG - HTTP requesting GET https://plex.tv/api/v2/user/privacy?X-Plex-Token=xxxxxxxxxxxxxxxxxxxx
May 10, 2021 22:52:50.611 [0x7f48e37fe700] DEBUG - HTTP/1.1 (0.1s) 200 response from GET https://plex.tv/api/v2/user/privacy?X-Plex-Token=xxxxxxxxxxxxxxxxxxxx (reused)
May 10, 2021 22:52:50.616 [0x7f48e37fe700] DEBUG - HTTP requesting GET https://plex.tv/api/v2/release_channels?X-Plex-Token=xxxxxxxxxxxxxxxxxxxx
May 10, 2021 22:52:50.675 [0x7f48e37fe700] DEBUG - HTTP/1.1 (0.1s) 200 response from GET https://plex.tv/api/v2/release_channels?X-Plex-Token=xxxxxxxxxxxxxxxxxxxx (reused)
May 10, 2021 22:52:50.683 [0x7f48e37fe700] DEBUG - Sync: onMyPlexSignIn
May 10, 2021 22:52:50.683 [0x7f48e37fe700] WARN - Sync: Couldn't get sync lists without subscription.
May 10, 2021 22:52:50.683 [0x7f48e37fe700] DEBUG - HTTP requesting GET https://plex.tv/api/v2/features?X-Plex-Token=xxxxxxxxxxxxxxxxxxxx
May 10, 2021 22:52:50.783 [0x7f48e37fe700] DEBUG - HTTP/1.1 (0.1s) 200 response from GET https://plex.tv/api/v2/features?X-Plex-Token=xxxxxxxxxxxxxxxxxxxx (reused)
May 10, 2021 22:52:50.796 [0x7f48e37fe700] DEBUG - EventSource: Resolving 184.105.148.82 port 443
May 10, 2021 22:52:50.796 [0x7f48e27fc700] DEBUG - HTTP requesting GET https://plex.tv/media/providers?X-Plex-Token=xxxxxxxxxxxxxxxxxxxx
May 10, 2021 22:52:50.796 [0x7f489effd700] DEBUG - MyPlex: sendMapping resetting state - previous mapping state: 'Not Mapped'.
May 10, 2021 22:52:50.796 [0x7f489effd700] DEBUG - MyPlex: mapping state set to 'Unknown'.
May 10, 2021 22:52:50.796 [0x7f48e960a700] DEBUG - EventSource: Resolved 184.105.148.82 to 184.105.148.82
May 10, 2021 22:52:50.796 [0x7f48e37fe700] DEBUG - MyPlex: Updating device connections (from timer: 0)
May 10, 2021 22:52:50.796 [0x7f487f7fe700] DEBUG - HTTP requesting GET https://plex.tv/api/v2/server/webhooks?X-Plex-Token=xxxxxxxxxxxxxxxxxxxx
May 10, 2021 22:52:50.796 [0x7f48e37fe700] DEBUG - HTTP requesting PUT https://plex.tv/devices/778bafc1525ee34cda762656e6028ff3452e0b58?Connection[][uri]=http://172.24.0.5:32400&httpsEnabled=1&httpsRequired=0&dnsRebindingProtection=0&X-Plex-Token=xxxxxxxxxxxxxxxxxxxx
May 10, 2021 22:52:50.798 [0x7f489effd700] DEBUG - MyPlex: Sending Server Info to myPlex (user=berkill24@gmail.com, ip=, port=0)
May 10, 2021 22:52:50.798 [0x7f489effd700] DEBUG - HTTP requesting POST https://plex.tv/servers.xml?auth_token=xxxxxxxxxxxxxxxxxxxx
May 10, 2021 22:52:50.885 [0x7f48e27fc700] DEBUG - HTTP/1.1 (0.1s) 200 response from GET https://plex.tv/media/providers?X-Plex-Token=xxxxxxxxxxxxxxxxxxxx (reused)
May 10, 2021 22:52:50.897 [0x7f487f7fe700] DEBUG - HTTP/1.1 (0.1s) 200 response from GET https://plex.tv/api/v2/server/webhooks?X-Plex-Token=xxxxxxxxxxxxxxxxxxxx (reused)
May 10, 2021 22:52:51.012 [0x7f48e8e09700] DEBUG - EventSource: Connected in 215 ms.
May 10, 2021 22:52:51.012 [0x7f48e8e09700] DEBUG - EventSource: Wrote data, reading reply.
May 10, 2021 22:52:51.016 [0x7f48e37fe700] DEBUG - HTTP/1.1 (0.2s) 200 response from PUT https://plex.tv/devices/778bafc1525ee34cda762656e6028ff3452e0b58?Connection[][uri]=http://172.24.0.5:32400&httpsEnabled=1&httpsRequired=0&dnsRebindingProtection=0&X-Plex-Token=xxxxxxxxxxxxxxxxxxxx
May 10, 2021 22:52:51.027 [0x7f48e37fe700] DEBUG - CERT: Certificate will not expire soon; we'll check again in a week.
May 10, 2021 22:52:51.058 [0x7f489effd700] DEBUG - HTTP/1.1 (0.3s) 422 response from POST https://plex.tv/servers.xml?auth_token=xxxxxxxxxxxxxxxxxxxx
May 10, 2021 22:52:51.059 [0x7f489effd700] DEBUG - MyPlex: Published Mapping State response was 422
May 10, 2021 22:52:51.059 [0x7f489effd700] DEBUG - MyPlex: Got response for 778bafc1525ee34cda762656e6028ff3452e0b58 ~ registered :0
May 10, 2021 22:52:51.059 [0x7f489effd700] DEBUG - MyPlex: updating mapped state - current state: 'Not Mapped'
May 10, 2021 22:52:51.059 [0x7f489effd700] DEBUG - MyPlex: mapping state set to 'Not Mapped'.
May 10, 2021 22:52:51.114 [0x7f48e960a700] DEBUG - EventSource: Read HTTP reply header.
May 10, 2021 22:52:51.114 [0x7f48e960a700] DEBUG - MyPlex: We appear to have regained Internet connectivity.
May 10, 2021 22:52:51.118 [0x7f48e960a700] DEBUG - PublicAddressManager: Obtaining public address and mapping port.
May 10, 2021 22:52:51.118 [0x7f48e960a700] DEBUG - MyPlex: async reachability check - current mapped state: 'Not Mapped'.
May 10, 2021 22:52:51.118 [0x7f48e960a700] WARN - MyPlex: attempted a reachability check but we're not yet mapped.
May 10, 2021 22:52:51.118 [0x7f48e960a700] DEBUG - EventSource: Successfully connected to 184.105.148.82.
May 10, 2021 22:52:53.048 [0x7f48c7fff700] DEBUG - NetworkServiceBrowser: SERVER arrived: 127.0.0.1 (Plex Mac)
May 10, 2021 22:52:53.048 [0x7f48c7fff700] DEBUG - Notifying the system bundle an update to server /system/notify/serverUpdated?host=127.0.0.1
May 10, 2021 22:52:53.048 [0x7f48c7fff700] DEBUG - [com.plexapp.system] Sending command over HTTP (GET): /system/notify/serverUpdated?host=127.0.0.1
May 10, 2021 22:52:53.048 [0x7f48c7fff700] DEBUG - HTTP requesting GET http://127.0.0.1:34527/system/notify/serverUpdated?host=127.0.0.1
May 10, 2021 22:52:53.062 [0x7f48c6ffd700] DEBUG - Request: [127.0.0.1:40134 (Loopback)] GET /servers (2 live) GZIP Signed-in Token (Belegan243)
May 10, 2021 22:52:53.062 [0x7f48e960a700] DEBUG - Completed: [127.0.0.1:40134] 200 GET /servers (2 live) GZIP 0ms 490 bytes
May 10, 2021 22:52:53.071 [0x7f48c4ff9700] DEBUG - Request: [127.0.0.1:40136 (Loopback)] GET /library/sections (2 live) GZIP Signed-in Token (Belegan243)
May 10, 2021 22:52:53.072 [0x7f48e960a700] DEBUG - Completed: [127.0.0.1:40136] 200 GET /library/sections (2 live) GZIP 1ms 1168 bytes
May 10, 2021 22:52:53.078 [0x7f489ffff700] DEBUG - Request: [127.0.0.1:40138 (Loopback)] GET /channels/all (2 live) GZIP Signed-in Token (Belegan243)
May 10, 2021 22:52:53.079 [0x7f48e8e09700] DEBUG - Completed: [127.0.0.1:40138] 200 GET /channels/all (2 live) GZIP 0ms 387 bytes
May 10, 2021 22:52:53.084 [0x7f48c7fff700] DEBUG - HTTP/1.1 (0.0s) 200 response from GET http://127.0.0.1:34527/system/notify/serverUpdated?host=127.0.0.1
May 10, 2021 22:52:53.084 [0x7f48c7fff700] DEBUG - [com.plexapp.system] HTTP reply status 200, with 0 bytes of content.
May 10, 2021 22:52:55.797 [0x7f48c67fc700] DEBUG - HTTP requesting GET https://plex.tv/services/pubsub/servers
May 10, 2021 22:52:55.863 [0x7f48c67fc700] DEBUG - HTTP/1.1 (0.1s) 200 response from GET https://plex.tv/services/pubsub/servers (reused)
May 10, 2021 22:52:55.970 [0x7f48c67fc700] DEBUG - PubSubManager: Time to connect to 82.94.168.25 was 84 ms.
May 10, 2021 22:52:55.970 [0x7f48c67fc700] DEBUG - PubSubManager: Time to connect to 184.105.148.114 was 85 ms.
May 10, 2021 22:52:55.970 [0x7f48c67fc700] DEBUG - PubSubManager: Time to connect to 45.79.197.109 was 86 ms.
May 10, 2021 22:52:55.970 [0x7f48c67fc700] DEBUG - PubSubManager: Time to connect to 151.236.217.85 was 95 ms.
May 10, 2021 22:52:55.970 [0x7f48c67fc700] DEBUG - PubSubManager: Time to connect to 72.14.179.64 was 96 ms.
May 10, 2021 22:52:55.970 [0x7f48c67fc700] DEBUG - PubSubManager: Time to connect to 172.104.133.220 was 96 ms.
May 10, 2021 22:52:55.970 [0x7f48c67fc700] DEBUG - PubSubManager: Time to connect to 184.105.148.82 was 96 ms.
May 10, 2021 22:52:55.970 [0x7f48c67fc700] DEBUG - PubSubManager: Time to connect to 172.105.99.32 was 97 ms.
May 10, 2021 22:52:55.970 [0x7f48c67fc700] DEBUG - PubSubManager: Time to connect to 139.162.54.192 was 101 ms.
May 10, 2021 22:52:55.970 [0x7f48c67fc700] DEBUG - PubSubManager: Time to connect to 172.104.24.90 was 103 ms.
May 10, 2021 22:52:55.970 [0x7f48c67fc700] DEBUG - PubSubManager: Time to connect to 139.162.75.196 was 103 ms.
May 10, 2021 22:52:55.970 [0x7f48c67fc700] DEBUG - PubSubManager: Another server (82.94.168.25) beat the current one (184.105.148.82).
May 10, 2021 22:52:55.977 [0x7f48c67fc700] DEBUG - EventSource: Stopping.
May 10, 2021 22:52:55.977 [0x7f48c67fc700] DEBUG - EventSource: Resolving 82.94.168.25 port 443
May 10, 2021 22:52:55.977 [0x7f48c67fc700] DEBUG - PubSubManager: Updating best host to 82.94.168.25.
May 10, 2021 22:52:55.977 [0x7f48e960a700] DEBUG - EventSource: Resolved 82.94.168.25 to 82.94.168.25
May 10, 2021 22:52:55.981 [0x7f48c67fc700] DEBUG - PubSubManager: Updating best ping time for 82.94.168.25 to 84 ms.
May 10, 2021 22:52:55.981 [0x7f48c67fc700] DEBUG - EventSource: Stopping.
May 10, 2021 22:52:55.981 [0x7f48c67fc700] DEBUG - EventSource: Stopping.
May 10, 2021 22:52:55.981 [0x7f48c67fc700] DEBUG - EventSource: Stopping.
May 10, 2021 22:52:55.981 [0x7f48c67fc700] DEBUG - EventSource: Stopping.
May 10, 2021 22:52:55.981 [0x7f48c67fc700] DEBUG - EventSource: Stopping.
May 10, 2021 22:52:55.981 [0x7f48c67fc700] DEBUG - EventSource: Stopping.
May 10, 2021 22:52:55.982 [0x7f48c67fc700] DEBUG - EventSource: Stopping.
May 10, 2021 22:52:55.982 [0x7f48c67fc700] DEBUG - EventSource: Stopping.
May 10, 2021 22:52:55.982 [0x7f48c67fc700] DEBUG - EventSource: Stopping.
May 10, 2021 22:52:55.982 [0x7f48c67fc700] DEBUG - EventSource: Stopping.
May 10, 2021 22:52:55.982 [0x7f48c67fc700] DEBUG - EventSource: Stopping.
May 10, 2021 22:52:56.043 [0x7f48e8e09700] DEBUG - EventSource: Connected in 64 ms.
May 10, 2021 22:52:56.043 [0x7f48e8e09700] DEBUG - EventSource: Wrote data, reading reply.
May 10, 2021 22:52:56.143 [0x7f48e960a700] DEBUG - EventSource: Read HTTP reply header.
May 10, 2021 22:52:56.143 [0x7f48e960a700] DEBUG - MyPlex: We appear to have regained Internet connectivity.
May 10, 2021 22:52:56.146 [0x7f48e960a700] DEBUG - PublicAddressManager: Obtaining public address and mapping port.
May 10, 2021 22:52:56.146 [0x7f48e960a700] DEBUG - MyPlex: async reachability check - current mapped state: 'Not Mapped'.
May 10, 2021 22:52:56.146 [0x7f48e960a700] WARN - MyPlex: attempted a reachability check but we're not yet mapped.
May 10, 2021 22:52:56.146 [0x7f48e960a700] DEBUG - EventSource: Successfully connected to 82.94.168.25.
May 10, 2021 22:52:56.485 [0x7f489d7fa700] DEBUG - DVR:Device: Discovering and refreshing all devices.
May 10, 2021 22:52:56.485 [0x7f489d7fa700] DEBUG - Grabber: HDHomerun discovered 0 compatible devices.
May 10, 2021 22:52:56.486 [0x7f489d7fa700] DEBUG - HTTP requesting POST http://127.0.0.1:32600/devices/discover
May 10, 2021 22:52:58.917 [0x7f489d7fa700] DEBUG - HTTP/1.1 (2.4s) 200 response from POST http://127.0.0.1:32600/devices/discover
May 10, 2021 22:52:59.448 [0x7f487e7fc700] DEBUG - Grabber: Cleaning up orphaned grabs.
May 10, 2021 22:52:59.455 [0x7f487e7fc700] DEBUG - Grabber: Cleaned up 0 decrepit directories in 0.0 sec.
May 10, 2021 22:52:59.456 [0x7f487e7fc700] DEBUG - Activity: registered new activity 53cd581c-d689-4726-b55f-b7a0ab42059f - "Processing subscriptions"
May 10, 2021 22:52:59.456 [0x7f487e7fc700] DEBUG - Subscription: Scheduling subscriptions.
May 10, 2021 22:52:59.456 [0x7f487e7fc700] DEBUG - Subscription: Initialized 0 schedulers.
May 10, 2021 22:52:59.456 [0x7f487e7fc700] DEBUG - Subscription: Starting with 0 grabs, scheduled 0 active ones preemptively.
May 10, 2021 22:52:59.456 [0x7f487e7fc700] DEBUG - Subscription: Scheduled all subscriptions in 0 ms.
May 10, 2021 22:52:59.456 [0x7f487e7fc700] DEBUG - Activity: Ended activity 53cd581c-d689-4726-b55f-b7a0ab42059f.
May 10, 2021 22:52:59.456 [0x7f487e7fc700] DEBUG - Subscription: There are 0 active grabs at the end.
May 10, 2021 22:52:59.456 [0x7f487e7fc700] DEBUG - Activity: Ended activity 85dc89b9-94f1-459a-9a72-0fad017859d2.
May 10, 2021 22:52:59.456 [0x7f487e7fc700] DEBUG - Subscription: Refreshed all content in 8 ms.
May 10, 2021 22:53:00.059 [0x7f48e2ffd700] DEBUG - NAT: UPnP, didn't find usable IGD.
May 10, 2021 22:53:00.059 [0x7f48e2ffd700] DEBUG - NAT: PMP, attempting mapping.
May 10, 2021 22:53:00.139 [0x7f48e9e0b700] DEBUG - NAT: UPnP, getPublicIP didn't find usable IGD.
May 10, 2021 22:53:00.310 [0x7f48e2ffd700] WARN - NAT: PMP, got an error: Not Supported by gateway.
May 10, 2021 22:53:00.311 [0x7f48e2ffd700] DEBUG - NAT: UPnP, attempting port mapping.
May 10, 2021 22:53:00.390 [0x7f48e9e0b700] WARN - NAT: PMP, got an error: Not Supported by gateway.
May 10, 2021 22:53:00.392 [0x7f48e9e0b700] DEBUG - MyPlex: sendMapping resetting state - previous mapping state: 'Not Mapped'.
May 10, 2021 22:53:00.392 [0x7f48e9e0b700] DEBUG - MyPlex: mapping state set to 'Unknown'.
May 10, 2021 22:53:00.394 [0x7f48e9e0b700] DEBUG - MyPlex: Sending Server Info to myPlex (user=berkill24@gmail.com, ip=, port=0)
May 10, 2021 22:53:00.394 [0x7f48e9e0b700] DEBUG - HTTP requesting POST https://plex.tv/servers.xml?auth_token=xxxxxxxxxxxxxxxxxxxx
May 10, 2021 22:53:00.561 [0x7f48e9e0b700] DEBUG - HTTP/1.1 (0.2s) 422 response from POST https://plex.tv/servers.xml?auth_token=xxxxxxxxxxxxxxxxxxxx (reused)
May 10, 2021 22:53:00.561 [0x7f48e9e0b700] DEBUG - MyPlex: Published Mapping State response was 422
May 10, 2021 22:53:00.561 [0x7f48e9e0b700] DEBUG - MyPlex: Got response for 778bafc1525ee34cda762656e6028ff3452e0b58 ~ registered :0
May 10, 2021 22:53:00.561 [0x7f48e9e0b700] DEBUG - MyPlex: updating mapped state - current state: 'Not Mapped'
May 10, 2021 22:53:00.561 [0x7f48e9e0b700] DEBUG - MyPlex: mapping state set to 'Not Mapped'.
May 10, 2021 22:53:00.561 [0x7f48e9e0b700] DEBUG - MyPlex: Updating device connections (from timer: 0)
May 10, 2021 22:53:00.562 [0x7f48e9e0b700] DEBUG - HTTP requesting PUT https://plex.tv/devices/778bafc1525ee34cda762656e6028ff3452e0b58?Connection[][uri]=http://172.24.0.5:32400&httpsEnabled=1&httpsRequired=0&dnsRebindingProtection=0&natLoopbackSupported=0&X-Plex-Token=xxxxxxxxxxxxxxxxxxxx
May 10, 2021 22:53:00.636 [0x7f48e9e0b700] DEBUG - HTTP/1.1 (0.1s) 200 response from PUT https://plex.tv/devices/778bafc1525ee34cda762656e6028ff3452e0b58?Connection[][uri]=http://172.24.0.5:32400&httpsEnabled=1&httpsRequired=0&dnsRebindingProtection=0&natLoopbackSupported=0&X-Plex-Token=xxxxxxxxxxxxxxxxxxxx (reused)
May 10, 2021 22:53:00.799 [0x7f487cff9700] DEBUG - HTTP requesting GET https://plex.tv/api/resources.xml?includeHttps=1&includeRelay=1&auth_token=xxxxxxxxxxxxxxxxxxxx
May 10, 2021 22:53:00.883 [0x7f487cff9700] DEBUG - HTTP/1.1 (0.1s) 200 response from GET https://plex.tv/api/resources.xml?includeHttps=1&includeRelay=1&auth_token=xxxxxxxxxxxxxxxxxxxx (reused)
May 10, 2021 22:53:00.884 [0x7f489dffb700] DEBUG - Connection Tester: Testing the server Plex Hass with 3 URLs.
May 10, 2021 22:53:00.885 [0x7f48e3fff700] DEBUG - HTTP requesting GET https://172-30-33-2.daa4895867fd4ea7946ca4b60958591e.plex.direct:32400
May 10, 2021 22:53:00.885 [0x7f489f7fe700] DEBUG - HTTP requesting GET https://192-168-0-48.daa4895867fd4ea7946ca4b60958591e.plex.direct:32400
May 10, 2021 22:53:00.885 [0x7f4867fff700] DEBUG - HTTP requesting GET https://78-129-62-36.daa4895867fd4ea7946ca4b60958591e.plex.direct:32400
May 10, 2021 22:53:05.886 [0x7f489f7fe700] ERROR - Error issuing curl_easy_perform(handle): 28
May 10, 2021 22:53:05.886 [0x7f489f7fe700] DEBUG - HTTP simulating 408 after curl timeout
May 10, 2021 22:53:05.886 [0x7f48e3fff700] ERROR - Error issuing curl_easy_perform(handle): 28
May 10, 2021 22:53:05.886 [0x7f48e3fff700] DEBUG - HTTP simulating 408 after curl timeout
May 10, 2021 22:53:05.886 [0x7f4867fff700] ERROR - Error issuing curl_easy_perform(handle): 28
May 10, 2021 22:53:05.886 [0x7f4867fff700] DEBUG - HTTP simulating 408 after curl timeout
May 10, 2021 22:53:08.634 [0x7f48eb7ea700] DEBUG - Shutting down with signal 15 (Terminated)
May 10, 2021 22:53:08.634 [0x7f48eb7ea700] DEBUG - Ordered to stop server.
May 10, 2021 22:53:08.634 [0x7f48ecadcbc0] DEBUG - Stopping server...
May 10, 2021 22:53:08.634 [0x7f48ecadcbc0] DEBUG - HttpServer: Stopping server.
May 10, 2021 22:53:08.635 [0x7f48c57fa700] DEBUG - TranscodeJobManager: [Running] onServerShutdown
May 10, 2021 22:53:08.635 [0x7f48c57fa700] DEBUG - TranscodeJobManager: [Running] -> [Shutdown]
May 10, 2021 22:53:08.635 [0x7f48c57fa700] DEBUG - MetadataItemClusterRequestHandler: a shutdown event has been received
May 10, 2021 22:53:08.635 [0x7f48ecadcbc0] DEBUG - Server stopped.
May 10, 2021 22:53:08.635 [0x7f48ecadcbc0] DEBUG - NetworkService: Stopping advertisement.
May 10, 2021 22:53:08.635 [0x7f48ecadcbc0] DEBUG - Killing plug-ins.
May 10, 2021 22:53:08.665 [0x7f48ecadcbc0] DEBUG - [com.plexapp.agents.imdb] Killing.
May 10, 2021 22:53:08.673 [0x7f48ecadcbc0] DEBUG - [com.plexapp.system] Killing.
May 10, 2021 22:53:08.674 [0x7f48eb7ea700] WARN - JobManager: Could not find job for handle 420
May 10, 2021 22:53:08.689 [0x7f48ecadcbc0] DEBUG - ChildProcessMonitor: Waiting for Plex Tuner Service to exit.
May 10, 2021 22:53:08.689 [0x7f48ecadcbc0] DEBUG - [JobRunner] Signalling job ID 389 with 2
May 10, 2021 22:53:08.691 [0x7f48eb7ea700] WARN - JobManager: Could not find job for handle 334
May 10, 2021 22:53:08.742 [0x7f48eb7ea700] DEBUG - Jobs: '/usr/lib/plexmediaserver/Plex Tuner Service' exit code for process 389 is 0 (success)
May 10, 2021 22:53:08.743 [0x7f48c5ffb700] DEBUG - [ChildProcessMonitor] Plex Tuner Service exited.
May 10, 2021 22:53:08.743 [0x7f48ecadcbc0] DEBUG - Database: Shutting down.
May 10, 2021 22:53:08.743 [0x7f48ecadcbc0] DEBUG - Captured session 0.
May 10, 2021 22:53:08.743 [0x7f48ecadcbc0] DEBUG - Captured session 1.
May 10, 2021 22:53:08.743 [0x7f48ecadcbc0] DEBUG - Captured session 2.
May 10, 2021 22:53:08.743 [0x7f48ecadcbc0] DEBUG - Captured session 3.
May 10, 2021 22:53:08.743 [0x7f48ecadcbc0] DEBUG - Captured session 4.
May 10, 2021 22:53:08.743 [0x7f48ecadcbc0] DEBUG - Captured session 5.
May 10, 2021 22:53:08.743 [0x7f48ecadcbc0] DEBUG - Captured session 6.
May 10, 2021 22:53:08.743 [0x7f48ecadcbc0] DEBUG - Captured session 7.
May 10, 2021 22:53:08.743 [0x7f48ecadcbc0] DEBUG - Captured session 8.
May 10, 2021 22:53:08.743 [0x7f48ecadcbc0] DEBUG - Captured session 9.
May 10, 2021 22:53:08.743 [0x7f48ecadcbc0] DEBUG - Captured session 10.
May 10, 2021 22:53:08.743 [0x7f48ecadcbc0] DEBUG - Captured session 11.
