2021-05-11 08:59:57,021 (7f9892193740) :  INFO (core:349) - Starting framework core - Version: 2.6.3, Build: d7c624d (Mon Apr 19 14:14:06 UTC 2021)
2021-05-11 08:59:57,022 (7f9892193740) :  DEBUG (core:361) - Using the elevated policy
2021-05-11 08:59:57,024 (7f9892193740) :  DEBUG (core:365) - Extending whitelist: ['cgi', 'tempfile']
2021-05-11 08:59:57,025 (7f9892193740) :  DEBUG (core:450) - Starting runtime component.
2021-05-11 08:59:57,028 (7f9892193740) :  DEBUG (core:450) - Starting caching component.
2021-05-11 08:59:57,029 (7f9892193740) :  DEBUG (core:450) - Starting data component.
2021-05-11 08:59:57,030 (7f9892193740) :  DEBUG (core:450) - Starting networking component.
2021-05-11 08:59:57,033 (7f9892193740) :  DEBUG (networking:261) - Loaded HTTP cookies
2021-05-11 08:59:57,037 (7f9892193740) :  DEBUG (networking:428) - Setting the default network timeout to 20.0
2021-05-11 08:59:57,038 (7f9892193740) :  DEBUG (core:450) - Starting localization component.
2021-05-11 08:59:57,039 (7f9892193740) :  INFO (localization:409) - Setting the default locale to en-us
2021-05-11 08:59:57,041 (7f9892193740) :  WARNING (data:179) - Error decoding with simplejson, using demjson instead (this will cause a performance hit) - Expecting property name enclosed in double quotes: line 26 column 1 (char 1078)
2021-05-11 08:59:57,044 (7f9892193740) :  DEBUG (localization:427) - Loaded en strings
2021-05-11 08:59:57,045 (7f9892193740) :  DEBUG (core:450) - Starting messaging component.
2021-05-11 08:59:57,046 (7f9892193740) :  DEBUG (core:450) - Starting debugging component.
2021-05-11 08:59:57,047 (7f9892193740) :  DEBUG (core:450) - Starting services component.
2021-05-11 08:59:57,049 (7f9892193740) :  DEBUG (core:450) - Starting myplex component.
2021-05-11 08:59:57,050 (7f9892193740) :  DEBUG (core:450) - Starting notifications component.
2021-05-11 08:59:57,162 (7f9892193740) :  DEBUG (accessor:68) - Creating a new model access point for provider com.plexapp.system in namespace 'metadata'
2021-05-11 08:59:57,172 (7f986bfff700) :  DEBUG (services:265) - Plug-in is not daemonized - loading services from system
2021-05-11 08:59:57,173 (7f9892193740) :  DEBUG (runtime:1117) - Created a thread named 'load_all_services'
2021-05-11 08:59:57,175 (7f986bfff700) :  DEBUG (networking:143) - Requesting 'http://127.0.0.1:32400/:/plugins/com.plexapp.system/messaging/function/X0J1bmRsZVNlcnZpY2U6QWxsU2VydmljZXM_/Y2VyZWFsMQoxCmxpc3QKMApyMAo_/Y2VyZWFsMQoxCmRpY3QKMApyMAo_'
2021-05-11 08:59:57,176 (7f9892193740) :  DEBUG (runtime:1117) - Created a thread named 'get_server_info'
2021-05-11 08:59:57,177 (7f986affd700) :  DEBUG (networking:143) - Requesting 'http://127.0.0.1:32400'
2021-05-11 08:59:57,178 (7f9892193740) :  DEBUG (core:150) - Finished starting framework core
2021-05-11 08:59:57,180 (7f9892193740) :  DEBUG (core:560) - Loading plug-in code
2021-05-11 08:59:57,196 (7f9892193740) :  DEBUG (core:566) - Finished loading plug-in code
2021-05-11 08:59:57,197 (7f9892193740) :  DEBUG (runtime:640) - Adding a prefix handler for 'System' ('/system')
2021-05-11 08:59:57,805 (7f9892193740) :  INFO (__init__:35) - Starting System d7c624d (Mon Apr 19 14:14:06 UTC 2021)
2021-05-11 08:59:57,807 (7f9892193740) :  DEBUG (runtime:640) - Adding a prefix handler for 'Player' ('/player')
2021-05-11 08:59:57,816 (7f9892193740) :  INFO (datakit:93) - Loaded the dictionary file
2021-05-11 08:59:57,817 (7f9892193740) :  DEBUG (agentservice:52) - Starting the agent service
2021-05-11 08:59:57,927 (7f9892193740) :  DEBUG (accessor:68) - Creating a new model access point for provider com.plexapp.system in namespace 'metadata'
2021-05-11 08:59:57,934 (7f9892193740) :  DEBUG (bundleservice:65) - Starting the bundle service
2021-05-11 08:59:57,936 (7f9892193740) :  DEBUG (runtime:1117) - Created a thread named 'start'
2021-05-11 08:59:57,938 (7f9892193740) :  DEBUG (playerservice:12) - Starting the player service
2021-05-11 08:59:57,938 (7f98690ba700) :  DEBUG (runtime:1117) - Created a thread named 'ensure_agent_info_exists_inner'
2021-05-11 08:59:57,939 (7f9892193740) :  DEBUG (flagservice:13) - Starting the media flag service
2021-05-11 08:59:57,943 (7f9892193740) :  DEBUG (runtime:1117) - Created a thread named 'start'
2021-05-11 08:59:57,944 (7f9892193740) :  DEBUG (peerservice:141) - Starting the peer service
2021-05-11 08:59:57,945 (7f98690ba700) :  DEBUG (runtime:1117) - Created a thread named 'ensure_agent_info_exists_inner'
2021-05-11 08:59:57,946 (7f9847fff700) :  DEBUG (peerservice:164) - Fetching the current list of servers
2021-05-11 08:59:57,946 (7f9892193740) :  DEBUG (runtime:1117) - Created a thread named 'refresh_servers'
2021-05-11 08:59:57,949 (7f98690ba700) :  DEBUG (runtime:1117) - Created a thread named 'ensure_agent_info_exists_inner'
2021-05-11 08:59:57,949 (7f9847fff700) :  DEBUG (networking:143) - Requesting 'http://127.0.0.1:32400/servers'
2021-05-11 08:59:57,950 (7f9892193740) :  DEBUG (runtime:1150) - Scheduled a timed thread named 'refresh_servers'
2021-05-11 08:59:57,952 (7f98690ba700) :  DEBUG (runtime:1117) - Created a thread named 'ensure_agent_info_exists_inner'
2021-05-11 08:59:57,953 (7f9892193740) :  DEBUG (streamservice:18) - Starting the stream service
2021-05-11 08:59:57,956 (7f9892193740) :  CRITICAL (runtime:709) - Private handlers are no longer supported; couldn't register <bound method StreamService.token_handler of <streamservice.StreamService object at 0x7f986a4afa10>>
2021-05-11 08:59:57,956 (7f98690ba700) :  DEBUG (runtime:1117) - Created a thread named 'ensure_agent_info_exists_inner'
2021-05-11 08:59:57,957 (7f9892193740) :  DEBUG (runtime:1150) - Scheduled a timed thread named 'invalidation_timer'
2021-05-11 08:59:57,960 (7f9892193740) :  DEBUG (proxyservice:12) - Starting the proxy service
2021-05-11 08:59:57,960 (7f98690ba700) :  DEBUG (runtime:1117) - Created a thread named 'ensure_agent_info_exists_inner'
2021-05-11 08:59:57,962 (7f9892193740) :  DEBUG (runtime:1117) - Created a thread named 'update_attribution_flags_inner'
2021-05-11 08:59:57,965 (7f98690ba700) :  DEBUG (runtime:1117) - Created a thread named 'ensure_agent_info_exists_inner'
2021-05-11 08:59:57,965 (7f9892193740) :  INFO (core:611) - Started plug-in
2021-05-11 08:59:57,968 (7f9892193740) :  DEBUG (socketinterface:160) - Starting socket server
2021-05-11 08:59:57,968 (7f98690ba700) :  DEBUG (runtime:1117) - Created a thread named 'ensure_agent_info_exists_inner'
2021-05-11 08:59:57,969 (7f9892193740) :  DEBUG (runtime:1117) - Created a thread named 'start'
2021-05-11 08:59:57,972 (7f9892193740) :  INFO (socketinterface:184) - Socket server started on port 37183
2021-05-11 08:59:57,972 (7f98690ba700) :  DEBUG (runtime:1117) - Created a thread named 'ensure_agent_info_exists_inner'
2021-05-11 08:59:57,973 (7f9892193740) :  INFO (pipeinterface:25) - Entering run loop
2021-05-11 08:59:57,975 (7f9892193740) :  DEBUG (runtime:717) - Handling request GET /:/prefixes
2021-05-11 08:59:57,975 (7f98690ba700) :  DEBUG (runtime:1117) - Created a thread named 'ensure_agent_info_exists_inner'
2021-05-11 08:59:57,979 (7f9892193740) :  DEBUG (runtime:814) - Found route matching /:/prefixes
2021-05-11 08:59:57,979 (7f98690ba700) :  DEBUG (runtime:1117) - Created a thread named 'ensure_agent_info_exists_inner'
2021-05-11 08:59:57,982 (7f9892193740) :  DEBUG (runtime:924) - Response: [200] MediaContainer, 486 bytes
2021-05-11 08:59:57,983 (7f98690ba700) :  DEBUG (runtime:1117) - Created a thread named 'ensure_agent_info_exists_inner'
2021-05-11 08:59:57,986 (7f98457fa700) :  DEBUG (runtime:717) - Handling request GET /system/agents
2021-05-11 08:59:57,987 (7f98690ba700) :  DEBUG (runtime:1117) - Created a thread named 'ensure_agent_info_exists_inner'
2021-05-11 08:59:58,009 (7f98690ba700) :  DEBUG (runtime:1117) - Created a thread named 'ensure_agent_info_exists_inner'
2021-05-11 08:59:58,017 (7f98457fa700) :  DEBUG (runtime:814) - Found route matching /system/agents
2021-05-11 08:59:58,019 (7f98690ba700) :  DEBUG (runtime:1117) - Created a thread named 'ensure_agent_info_exists_inner'
2021-05-11 08:59:58,028 (7f98690ba700) :  DEBUG (runtime:1117) - Created a thread named 'ensure_agent_info_exists_inner'
2021-05-11 08:59:58,031 (7f9827fff700) :  DEBUG (runtime:717) - Handling request GET /:/plugins/com.plexapp.system/messaging/function/X0J1bmRsZVNlcnZpY2U6QWxsU2VydmljZXM_/Y2VyZWFsMQoxCmxpc3QKMApyMAo_/Y2VyZWFsMQoxCmRpY3QKMApyMAo_
2021-05-11 08:59:58,032 (7f98690ba700) :  DEBUG (runtime:1117) - Created a thread named 'remove_unavailable_agents'
2021-05-11 08:59:58,045 (7f9827fff700) :  DEBUG (runtime:814) - Found route matching /:/plugins/com.plexapp.system/messaging/function/X0J1bmRsZVNlcnZpY2U6QWxsU2VydmljZXM_/Y2VyZWFsMQoxCmxpc3QKMApyMAo_/Y2VyZWFsMQoxCmRpY3QKMApyMAo_
2021-05-11 08:59:58,049 (7f986affd700) :  DEBUG (core:538) - Machine identifier is 778bafc1525ee34cda762656e6028ff3452e0b58
2021-05-11 08:59:58,061 (7f986affd700) :  DEBUG (core:539) - Server version is 1.22.3.4392-d7c624def
2021-05-11 08:59:58,051 (7f9847fff700) :  DEBUG (peerservice:171) - Refreshing local server
2021-05-11 08:59:58,049 (7f98690ba700) :  DEBUG (bundleservice:81) - Started the bundle service
2021-05-11 08:59:58,064 (7f98688b9700) :  DEBUG (flagservice:46) - Started the media flag service
2021-05-11 08:59:58,069 (7f9827fff700) :  DEBUG (runtime:88) - Sending packed state data (99 bytes)
2021-05-11 08:59:58,071 (7f9847fff700) :  DEBUG (peerservice:189) - Updating servers (True/False True/True/True)
2021-05-11 08:59:58,079 (7f9827fff700) :  DEBUG (runtime:924) - Response: [200] str, 516 bytes
2021-05-11 08:59:58,081 (7f9847fff700) :  DEBUG (peerservice:198) - Found 1 servers
2021-05-11 08:59:58,086 (7f98467fc700) :  INFO (agentservice:127) - Agent info: {'com.plexapp.agents.fanarttv': [{'media_types': ['Movie'], 'primary_provider': False, 'fallback_agent': None, 'contributes_to': ['com.plexapp.agents.imdb', 'com.plexapp.agents.themoviedb'], 'has_attribution': True, 'languages': ['xn'], 'persist_stored_files': True, 'version': 0, 'accepts_from': None, 'prefs': True, 'name': 'Fanart.tv'}, {'media_types': ['TV_Show'], 'primary_provider': False, 'fallback_agent': None, 'contributes_to': ['com.plexapp.agents.thetvdb', 'com.plexapp.agents.themoviedb'], 'has_attribution': True, 'languages': ['xn'], 'persist_stored_files': True, 'version': 0, 'accepts_from': None, 'prefs': True, 'name': 'Fanart.tv'}, {'media_types': ['Artist'], 'primary_provider': False, 'fallback_agent': None, 'contributes_to': ['com.plexapp.agents.lastfm'], 'has_attribution': True, 'languages': ['xn'], 'persist_stored_files': True, 'version': 0, 'accepts_from': None, 'prefs': True, 'name': 'Fanart.tv'}, {'media_types': ['Album'], 'primary_provider': False, 'fallback_agent': None, 'contributes_to': ['com.plexapp.agents.lastfm'], 'has_attribution': True, 'languages': ['xn'], 'persist_stored_files': True, 'version': 0, 'accepts_from': None, 'prefs': True, 'name': 'Fanart.tv'}], 'com.plexapp.agents.none': [{'media_types': ['Movie'], 'primary_provider': True, 'fallback_agent': None, 'contributes_to': None, 'has_attribution': False, 'languages': ['xn'], 'persist_stored_files': True, 'version': 0, 'accepts_from': None, 'prefs': False, 'name': 'Personal Media'}, {'media_types': ['TV_Show'], 'primary_provider': True, 'fallback_agent': None, 'contributes_to': None, 'has_attribution': False, 'languages': ['xn'], 'persist_stored_files': True, 'version': 0, 'accepts_from': None, 'prefs': False, 'name': 'Personal Media Shows'}, {'media_types': ['Artist'], 'primary_provider': True, 'fallback_agent': None, 'contributes_to': None, 'has_attribution': False, 'languages': ['xn'], 'persist_stored_files': True, 'version': 0, 'accepts_from': None, 'prefs': False, 'name': 'Personal Media Artists'}, {'media_types': ['Album'], 'primary_provider': True, 'fallback_agent': None, 'contributes_to': None, 'has_attribution': False, 'languages': ['xn'], 'persist_stored_files': True, 'version': 0, 'accepts_from': None, 'prefs': False, 'name': 'Personal Media Albums'}, {'media_types': ['Photo'], 'primary_provider': True, 'fallback_agent': None, 'contributes_to': None, 'has_attribution': False, 'languages': ['en', 'ar', 'bg', 'ca', 'cs', 'cy', 'da', 'de', 'el', 'es', 'et', 'fa', 'fi', 'fr', 'he', 'hi', 'hr', 'ht', 'hu', 'id', 'it', 'ja', 'ko', 'lt', 'lv', 'ms', 'mt', 'nl', 'no', 'pl', 'pt', 'ro', 'ru', 'sk', 'sv', 'sl', 'sr', 'th', 'tr', 'uk', 'ur', 'vi', 'zh', 'xn'], 'persist_stored_files': True, 'version': 0, 'accepts_from': None, 'prefs': False, 'name': 'Photos'}], 'tv.plex.agents.music': [{'media_types': ['Artist'], 'primary_provider': True, 'fallback_agent': None, 'contributes_to': ['com.plexapp.agents.localmedia'], 'has_attribution': True, 'languages': ['en', 'ar', 'bg', 'zh', 'hr', 'cs', 'da', 'nl', 'fi', 'fr', 'de', 'el', 'hu', 'id', 'it', 'ja', 'ko', 'nn', 'pl', 'pt', 'ro', 'ru', 'sr', 'sk', 'es', 'sv', 'th', 'tr', 'vi', 'xx'], 'persist_stored_files': True, 'version': 0, 'accepts_from': None, 'prefs': True, 'name': 'Plex Music'}, {'media_types': ['Album'], 'primary_provider': True, 'fallback_agent': None, 'contributes_to': ['com.plexapp.agents.localmedia'], 'has_attribution': True, 'languages': ['en', 'ar', 'bg', 'zh', 'hr', 'cs', 'da', 'nl', 'fi', 'fr', 'de', 'el', 'hu', 'id', 'it', 'ja', 'ko', 'nn', 'pl', 'pt', 'ro', 'ru', 'sr', 'sk', 'es', 'sv', 'th', 'tr', 'vi', 'xx'], 'persist_stored_files': True, 'version': 0, 'accepts_from': None, 'prefs': True, 'name': 'Plex Music'}], 'com.plexapp.agents.opensubtitles': [{'media_types': ['Movie'], 'primary_provider': False, 'fallback_agent': None, 'contributes_to': ['com.plexapp.agents.imdb'], 'has_attribution': False, 'languages': ['xn'], 'persist_stored_files': True, 'version': 0, 'accepts_from': None, 'prefs': True, 'name': 'OpenSubtitles.org'}, {'media_types': ['TV_Show'], 'primary_provider': False, 'fallback_agent': None, 'contributes_to': ['com.plexapp.agents.thetvdb'], 'has_attribution': False, 'languages': ['xn'], 'persist_stored_files': True, 'version': 0, 'accepts_from': None, 'prefs': True, 'name': 'OpenSubtitles.org'}], 'com.plexapp.agents.imdb': [{'media_types': ['Movie'], 'accepts_from': ['com.plexapp.agents.localmedia'], 'fallback_agent': None, 'contributes_to': ['com.plexapp.agents.themoviedb'], 'has_attribution': True, 'languages': ['en', 'sv', 'fr', 'es', 'nl', 'de', 'it', 'da', 'ar', 'ca', 'zh', 'cs', 'et', 'fi', 'el', 'he', 'hi', 'hu', 'id', 'ja', 'ko', 'lv', 'no', 'fa', 'pl', 'pt', 'ro', 'ru', 'sk', 'th', 'tr', 'uk', 'vi'], 'persist_stored_files': True, 'version': 0, 'primary_provider': True, 'prefs': True, 'name': 'Plex Movie'}], 'com.plexapp.agents.lyricfind': [{'media_types': ['Album'], 'primary_provider': False, 'fallback_agent': None, 'contributes_to': ['com.plexapp.agents.lastfm', 'tv.plex.agents.music', 'org.musicbrainz.agents.music'], 'has_attribution': True, 'languages': ['xn'], 'persist_stored_files': True, 'version': 0, 'accepts_from': None, 'prefs': False, 'name': 'LyricFind'}], 'com.plexapp.agents.thetvdb': [{'media_types': ['TV_Show'], 'primary_provider': True, 'fallback_agent': None, 'contributes_to': None, 'has_attribution': True, 'languages': ['en', 'fr', 'zh', 'sv', 'no', 'da', 'fi', 'nl', 'de', 'it', 'es', 'pl', 'hu', 'el', 'tr', 'ru', 'he', 'ja', 'pt', 'cs', 'ko', 'sl', 'hr'], 'persist_stored_files': True, 'version': 0, 'accepts_from': None, 'prefs': True, 'name': 'TheTVDB'}], 'tv.plex.agents.movie': [{'media_types': ['Movie'], 'primary_provider': True, 'fallback_agent': None, 'contributes_to': None, 'has_attribution': True, 'languages': [], 'persist_stored_files': True, 'version': 0, 'accepts_from': None, 'prefs': True, 'name': 'Plex Movie'}], 'tv.plex.agents.series': [{'media_types': ['TV_Show'], 'primary_provider': True, 'fallback_agent': None, 'contributes_to': None, 'has_attribution': True, 'languages': [], 'persist_stored_files': True, 'version': 0, 'accepts_from': None, 'prefs': True, 'name': 'Plex TV Series'}], 'com.plexapp.agents.plexthememusic': [{'media_types': ['TV_Show'], 'primary_provider': False, 'fallback_agent': None, 'contributes_to': ['com.plexapp.agents.thetvdb', 'com.plexapp.agents.thetvdbdvdorder', 'com.plexapp.agents.themoviedb'], 'has_attribution': False, 'languages': ['xn'], 'persist_stored_files': True, 'version': 0, 'accepts_from': None, 'prefs': False, 'name': 'Plex Theme Music'}], 'org.musicbrainz.agents.music': [{'media_types': ['Artist'], 'primary_provider': True, 'fallback_agent': None, 'contributes_to': None, 'has_attribution': True, 'languages': ['en', 'ar', 'bg', 'zh', 'hr', 'cs', 'da', 'nl', 'fi', 'fr', 'de', 'el', 'hu', 'id', 'it', 'ja', 'ko', 'nn', 'pl', 'pt', 'ro', 'ru', 'sr', 'sk', 'es', 'sv', 'th', 'tr', 'vi', 'xx'], 'persist_stored_files': True, 'version': 0, 'accepts_from': None, 'prefs': True, 'name': 'Musicbrainz'}, {'media_types': ['Album'], 'primary_provider': True, 'fallback_agent': None, 'contributes_to': None, 'has_attribution': True, 'languages': ['en', 'ar', 'bg', 'zh', 'hr', 'cs', 'da', 'nl', 'fi', 'fr', 'de', 'el', 'hu', 'id', 'it', 'ja', 'ko', 'nn', 'pl', 'pt', 'ro', 'ru', 'sr', 'sk', 'es', 'sv', 'th', 'tr', 'vi', 'xx'], 'persist_stored_files': True, 'version': 0, 'accepts_from': None, 'prefs': True, 'name': 'Musicbrainz'}], 'com.plexapp.agents.themoviedb': [{'media_types': ['Movie'], 'primary_provider': True, 'fallback_agent': None, 'contributes_to': None, 'has_attribution': True, 'languages': ['en', 'cs', 'da', 'de', 'el', 'es', 'fi', 'fr', 'he', 'hr', 'hu', 'it', 'lv', 'lt', 'nl', 'no', 'pl', 'pt', 'ru', 'sk', 'sv', 'th', 'tr', 'vi', 'zh', 'ko'], 'persist_stored_files': True, 'version': 0, 'accepts_from': ['com.plexapp.agents.localmedia'], 'prefs': True, 'name': 'The Movie Database'}, {'media_types': ['TV_Show'], 'primary_provider': True, 'fallback_agent': None, 'contributes_to': ['com.plexapp.agents.thetvdb'], 'has_attribution': True, 'languages': ['en', 'cs', 'da', 'de', 'el', 'es', 'fi', 'fr', 'he', 'hr', 'hu', 'it', 'lv', 'lt', 'nl', 'no', 'pl', 'pt', 'ru', 'sk', 'sv', 'th', 'tr', 'vi', 'zh', 'ko'], 'persist_stored_files': True, 'version': 0, 'accepts_from': ['com.plexapp.agents.localmedia', 'com.plexapp.agents.thetvdb'], 'prefs': True, 'name': 'The Movie Database'}], 'com.plexapp.agents.htbackdrops': [{'media_types': ['Artist'], 'primary_provider': False, 'fallback_agent': None, 'contributes_to': ['com.plexapp.agents.lastfm'], 'has_attribution': True, 'languages': ['ab', 'aa', 'af', 'ak', 'sq', 'am', 'ar', 'an', 'hy', 'as', 'av', 'ae', 'ay', 'az', 'bm', 'ba', 'eu', 'be', 'bn', 'bh', 'bi', 'bs', 'pb', 'br', 'bg', 'my', 'ca', 'ch', 'ce', 'ny', 'zh', 'cu', 'cv', 'kw', 'co', 'cr', 'hr', 'cs', 'da', 'dv', 'nl', 'dz', 'en', 'eo', 'et', 'ee', 'fo', 'fj', 'fi', 'fr', 'fy', 'ff', 'gd', 'gl', 'lg', 'ka', 'de', 'el', 'gn', 'gu', 'ht', 'ha', 'he', 'hz', 'hi', 'ho', 'hu', 'is', 'io', 'ig', 'id', 'ia', 'ie', 'iu', 'ik', 'ga', 'it', 'ja', 'jv', 'kl', 'kn', 'kr', 'ks', 'kk', 'km', 'ki', 'rw', 'ky', 'kv', 'kg', 'ko', 'kj', 'ku', 'lo', 'la', 'lv', 'li', 'ln', 'lt', 'lu', 'lb', 'mk', 'mg', 'ms', 'ml', 'mt', 'gv', 'mi', 'mr', 'mh', 'mo', 'mn', 'na', 'nv', 'ng', 'ne', 'xn', 'nd', 'no', 'nb', 'nn', 'oc', 'oj', 'or', 'om', 'os', 'pi', 'pa', 'fa', 'pl', 'pt', 'ps', 'qu', 'rm', 'ro', 'rn', 'ru', 'se', 'sm', 'sg', 'sa', 'sc', 'sr', 'sn', 'ii', 'sd', 'si', 'sk', 'sl', 'so', 'st', 'nr', 'es', 'su', 'sw', 'ss', 'sv', 'tl', 'ty', 'tg', 'ta', 'tt', 'te', 'th', 'bo', 'ti', 'to', 'ts', 'tn', 'tr', 'tk', 'tw', 'ug', 'uk', 'ur', 'uz', 've', 'vi', 'vo', 'wa', 'cy', 'wo', 'xh', 'yi', 'yo', 'za', 'zu'], 'persist_stored_files': True, 'version': 0, 'accepts_from': None, 'prefs': False, 'name': 'Home Theater Backdrops'}], 'com.plexapp.agents.movieposterdb': [{'media_types': ['Movie'], 'primary_provider': False, 'fallback_agent': None, 'contributes_to': ['com.plexapp.agents.imdb'], 'has_attribution': True, 'languages': ['xn'], 'persist_stored_files': True, 'version': 0, 'accepts_from': None, 'prefs': False, 'name': 'CineMaterial'}], 'com.plexapp.agents.localmedia': [{'media_types': ['Movie'], 'primary_provider': False, 'fallback_agent': None, 'contributes_to': ['com.plexapp.agents.imdb', 'com.plexapp.agents.none'], 'has_attribution': False, 'languages': ['xn'], 'persist_stored_files': False, 'version': 0, 'accepts_from': None, 'prefs': True, 'name': 'Local Media Assets (Movies)'}, {'media_types': ['TV_Show'], 'primary_provider': False, 'fallback_agent': None, 'contributes_to': ['com.plexapp.agents.thetvdb', 'com.plexapp.agents.none'], 'has_attribution': False, 'languages': ['xn'], 'persist_stored_files': False, 'version': 0, 'accepts_from': None, 'prefs': True, 'name': 'Local Media Assets (TV)'}, {'media_types': ['Artist'], 'primary_provider': False, 'fallback_agent': None, 'contributes_to': ['com.plexapp.agents.discogs', 'com.plexapp.agents.lastfm', 'com.plexapp.agents.plexmusic', 'com.plexapp.agents.none', 'tv.plex.agents.music', 'org.musicbrainz.agents.music'], 'has_attribution': False, 'languages': ['xn'], 'persist_stored_files': False, 'version': 0, 'accepts_from': None, 'prefs': True, 'name': 'Local Media Assets (Artists)'}, {'media_types': ['Artist'], 'primary_provider': False, 'fallback_agent': None, 'contributes_to': ['com.plexapp.agents.plexmusic'], 'has_attribution': False, 'languages': ['xn'], 'persist_stored_files': False, 'version': 2, 'accepts_from': None, 'prefs': True, 'name': 'Local Media Assets (Artists)'}, {'media_types': ['Album'], 'primary_provider': False, 'fallback_agent': None, 'contributes_to': ['com.plexapp.agents.discogs', 'com.plexapp.agents.lastfm', 'com.plexapp.agents.plexmusic', 'com.plexapp.agents.none', 'tv.plex.agents.music', 'org.musicbrainz.agents.music'], 'has_attribution': False, 'languages': ['xn'], 'persist_stored_files': False, 'version': 0, 'accepts_from': None, 'prefs': True, 'name': 'Local Media Assets (Albums)'}], 'com.plexapp.agents.lastfm': [{'media_types': ['Artist'], 'primary_provider': True, 'fallback_agent': None, 'contributes_to': None, 'has_attribution': True, 'languages': ['en', 'sv', 'fr', 'es', 'de', 'pl', 'it', 'pt', 'ja', 'tr', 'ru', 'zh'], 'persist_stored_files': True, 'version': 0, 'accepts_from': None, 'prefs': True, 'name': 'Last.fm'}, {'media_types': ['Album'], 'primary_provider': True, 'fallback_agent': None, 'contributes_to': None, 'has_attribution': True, 'languages': ['en', 'sv', 'fr', 'es', 'de', 'pl', 'it', 'pt', 'ja', 'tr', 'ru', 'zh'], 'persist_stored_files': True, 'version': 0, 'accepts_from': None, 'prefs': True, 'name': 'Last.fm'}]}
2021-05-11 08:59:58,088 (7f9847fff700) :  DEBUG (peerservice:230) - Creating new server Plex Mac (778bafc1525ee34cda762656e6028ff3452e0b58)
2021-05-11 08:59:58,098 (7f986bfff700) :  DEBUG (services:362) - Loaded services
2021-05-11 08:59:58,104 (7f9847fff700) :  DEBUG (networking:143) - Requesting 'http://127.0.0.1:32400/library/sections'
2021-05-11 08:59:58,105 (7f98457fa700) :  DEBUG (runtime:924) - Response: [200] MediaContainer, 11288 bytes
2021-05-11 08:59:58,123 (7f986b7fe700) :  DEBUG (services:438) - No shared code to load
2021-05-11 08:59:58,129 (7f9847fff700) :  DEBUG (networking:143) - Requesting 'http://127.0.0.1:32400/channels/all'
2021-05-11 08:59:58,138 (7f98467fc700) :  INFO (datakit:131) - Saved the dictionary file
2021-05-11 08:59:58,145 (7f9847fff700) :  DEBUG (runtime:1117) - Created a thread named 'background_refresh'
2021-05-11 08:59:58,145 (7f98467fc700) :  DEBUG (peerservice:176) - Background-refreshing remote servers
2021-05-11 08:59:58,148 (7f98467fc700) :  DEBUG (peerservice:189) - Updating servers (True/False True/True/True)
2021-05-11 08:59:58,149 (7f98467fc700) :  DEBUG (peerservice:198) - Found 1 servers
2021-05-11 08:59:58,151 (7f98467fc700) :  DEBUG (peerservice:233) - Updating existing server Plex Mac (778bafc1525ee34cda762656e6028ff3452e0b58)
2021-05-11 08:59:58,153 (7f98467fc700) :  DEBUG (networking:143) - Requesting 'http://127.0.0.1:32400/library/sections'
2021-05-11 08:59:58,162 (7f98467fc700) :  DEBUG (networking:143) - Requesting 'http://127.0.0.1:32400/channels/all'
2021-05-11 08:59:58,770 (7f98467fc700) :  DEBUG (runtime:717) - Handling request GET /system/messaging/clear_events/com.plexapp.agents.imdb
2021-05-11 08:59:58,793 (7f98467fc700) :  DEBUG (runtime:814) - Found route matching /system/messaging/clear_events/com.plexapp.agents.imdb
2021-05-11 08:59:58,795 (7f98467fc700) :  DEBUG (runtime:88) - Sending packed state data (99 bytes)
2021-05-11 08:59:58,797 (7f98467fc700) :  DEBUG (runtime:924) - Response: [200] str, 0 bytes
2021-05-11 08:59:58,891 (7f98467fc700) :  DEBUG (runtime:717) - Handling request GET /:/plugins/com.plexapp.system/resourceHashes
2021-05-11 08:59:58,893 (7f98467fc700) :  DEBUG (runtime:814) - Found route matching /:/plugins/com.plexapp.system/resourceHashes
2021-05-11 08:59:58,896 (7f98467fc700) :  DEBUG (networking:143) - Requesting 'http://resources-cdn.plexapp.com/hashes.json'
2021-05-11 08:59:59,061 (7f98467fc700) :  DEBUG (runtime:88) - Sending packed state data (99 bytes)
2021-05-11 08:59:59,063 (7f98467fc700) :  DEBUG (runtime:924) - Response: [200] str, 13276 bytes
2021-05-11 08:59:59,082 (7f98467fc700) :  DEBUG (runtime:717) - Handling request GET /:/plugins/com.plexapp.system/messaging/function/X0J1bmRsZVNlcnZpY2U6QWxsU2VydmljZXM_/Y2VyZWFsMQoxCmxpc3QKMApyMAo_/Y2VyZWFsMQoxCmRpY3QKMApyMAo_
2021-05-11 08:59:59,084 (7f98467fc700) :  DEBUG (runtime:49) - Received packed state data (80 bytes)
2021-05-11 08:59:59,087 (7f98467fc700) :  DEBUG (runtime:814) - Found route matching /:/plugins/com.plexapp.system/messaging/function/X0J1bmRsZVNlcnZpY2U6QWxsU2VydmljZXM_/Y2VyZWFsMQoxCmxpc3QKMApyMAo_/Y2VyZWFsMQoxCmRpY3QKMApyMAo_
2021-05-11 08:59:59,091 (7f98467fc700) :  DEBUG (runtime:88) - Sending packed state data (99 bytes)
2021-05-11 08:59:59,093 (7f98467fc700) :  DEBUG (runtime:924) - Response: [200] str, 516 bytes
2021-05-11 08:59:59,614 (7f98467fc700) :  DEBUG (runtime:717) - Handling request GET /:/plugins/com.plexapp.system/messaging/function/X0FnZW50U2VydmljZTpVcGRhdGVJbmZv/Y2VyZWFsMQoxCmxpc3QKMApyMAo_/Y2VyZWFsMQo3CmRpY3QKbGlzdApkaWN0Cmxpc3QKbGlzdApsaXN0Cmxpc3QKMgpzMjMKY29tLnBsZXhhcHAuYWdlbnRzLmltZGJzMTAKaWRlbnRpZmllcnIxCnMxMAphZ2VudF9pbmZvMQpyMgoxMApyMwpzMTEKbWVkaWFfdHlwZXNyNApzMTIKYWNjZXB0c19mcm9tbnMxNApmYWxsYmFja19hZ2VudHI1CnMxNApjb250cmlidXRlc190b3I2CnM5Cmxhbmd1YWdlc2IxczIwCnBlcnNpc3Rfc3RvcmVkX2ZpbGVzaTAKczcKdmVyc2lvbmIxczE2CnByaW1hcnlfcHJvdmlkZXJiMXM1CnByZWZzczEwClBsZXggTW92aWVzNApuYW1lMQpzNQpNb3ZpZTEKczI5CmNvbS5wbGV4YXBwLmFnZW50cy5sb2NhbG1lZGlhMQpzMjkKY29tLnBsZXhhcHAuYWdlbnRzLnRoZW1vdmllZGIzMwpzMgplbnMyCnN2czIKZnJzMgplc3MyCm5sczIKZGVzMgppdHMyCmRhczIKYXJzMgpjYXMyCnpoczIKY3NzMgpldHMyCmZpczIKZWxzMgpoZXMyCmhpczIKaHVzMgppZHMyCmphczIKa29zMgpsdnMyCm5vczIKZmFzMgpwbHMyCnB0czIKcm9zMgpydXMyCnNrczIKdGhzMgp0cnMyCnVrczIKdmlyMAo_
2021-05-11 08:59:59,615 (7f98467fc700) :  DEBUG (runtime:49) - Received packed state data (80 bytes)
2021-05-11 08:59:59,617 (7f98467fc700) :  DEBUG (runtime:814) - Found route matching /:/plugins/com.plexapp.system/messaging/function/X0FnZW50U2VydmljZTpVcGRhdGVJbmZv/Y2VyZWFsMQoxCmxpc3QKMApyMAo_/Y2VyZWFsMQo3CmRpY3QKbGlzdApkaWN0Cmxpc3QKbGlzdApsaXN0Cmxpc3QKMgpzMjMKY29tLnBsZXhhcHAuYWdlbnRzLmltZGJzMTAKaWRlbnRpZmllcnIxCnMxMAphZ2VudF9pbmZvMQpyMgoxMApyMwpzMTEKbWVkaWFfdHlwZXNyNApzMTIKYWNjZXB0c19mcm9tbnMxNApmYWxsYmFja19hZ2VudHI1CnMxNApjb250cmlidXRlc190b3I2CnM5Cmxhbmd1YWdlc2IxczIwCnBlcnNpc3Rfc3RvcmVkX2ZpbGVzaTAKczcKdmVyc2lvbmIxczE2CnByaW1hcnlfcHJvdmlkZXJiMXM1CnByZWZzczEwClBsZXggTW92aWVzNApuYW1lMQpzNQpNb3ZpZTEKczI5CmNvbS5wbGV4YXBwLmFnZW50cy5sb2NhbG1lZGlhMQpzMjkKY29tLnBsZXhhcHAuYWdlbnRzLnRoZW1vdmllZGIzMwpzMgplbnMyCnN2czIKZnJzMgplc3MyCm5sczIKZGVzMgppdHMyCmRhczIKYXJzMgpjYXMyCnpoczIKY3NzMgpldHMyCmZpczIKZWxzMgpoZXMyCmhpczIKaHVzMgppZHMyCmphczIKa29zMgpsdnMyCm5vczIKZmFzMgpwbHMyCnB0czIKcm9zMgpydXMyCnNrczIKdGhzMgp0cnMyCnVrczIKdmlyMAo_
2021-05-11 08:59:59,618 (7f98467fc700) :  INFO (agentservice:173) - Receiving agent info from com.plexapp.agents.imdb: [{'media_types': ['Movie'], 'primary_provider': True, 'fallback_agent': None, 'contributes_to': ['com.plexapp.agents.themoviedb'], 'languages': ['en', 'sv', 'fr', 'es', 'nl', 'de', 'it', 'da', 'ar', 'ca', 'zh', 'cs', 'et', 'fi', 'el', 'he', 'hi', 'hu', 'id', 'ja', 'ko', 'lv', 'no', 'fa', 'pl', 'pt', 'ro', 'ru', 'sk', 'th', 'tr', 'uk', 'vi'], 'persist_stored_files': True, 'version': 0, 'accepts_from': ['com.plexapp.agents.localmedia'], 'prefs': True, 'name': 'Plex Movie'}]
2021-05-11 08:59:59,619 (7f98467fc700) :  DEBUG (runtime:88) - Sending packed state data (99 bytes)
2021-05-11 08:59:59,620 (7f98467fc700) :  DEBUG (runtime:924) - Response: [200] str, 16 bytes
2021-05-11 09:00:03,009 (7f98467fc700) :  DEBUG (runtime:717) - Handling request GET /system/notify/serverUpdated?host=127.0.0.1
2021-05-11 09:00:03,011 (7f98467fc700) :  DEBUG (runtime:814) - Found route matching /system/notify/serverUpdated
2021-05-11 09:00:03,012 (7f98467fc700) :  DEBUG (peerservice:386) - Handling server update notification (127.0.0.1)
2021-05-11 09:00:03,014 (7f98467fc700) :  DEBUG (peerservice:189) - Updating servers (True/False True/True/True)
2021-05-11 09:00:03,015 (7f98467fc700) :  DEBUG (peerservice:164) - Fetching the current list of servers
2021-05-11 09:00:03,017 (7f98467fc700) :  DEBUG (networking:143) - Requesting 'http://127.0.0.1:32400/servers'
2021-05-11 09:00:03,021 (7f98467fc700) :  DEBUG (peerservice:198) - Found 1 servers
2021-05-11 09:00:03,022 (7f98467fc700) :  DEBUG (peerservice:214) - Ignoring 778bafc1525ee34cda762656e6028ff3452e0b58 because host != 127.0.0.1 (172.24.0.4)
2021-05-11 09:00:03,024 (7f98467fc700) :  DEBUG (networking:143) - Requesting 'http://127.0.0.1:32400/library/sections'
2021-05-11 09:00:03,030 (7f98467fc700) :  DEBUG (networking:143) - Requesting 'http://127.0.0.1:32400/channels/all'
2021-05-11 09:00:03,034 (7f98467fc700) :  DEBUG (runtime:924) - Response: [200] str, 0 bytes
2021-05-11 09:00:03,074 (7f98277fe700) :  INFO (datakit:131) - Saved the dictionary file
2021-05-11 09:01:57,950 (7f98477fe700) :  DEBUG (runtime:1156) - Starting timed thread named 'refresh_servers'
2021-05-11 09:01:57,952 (7f98477fe700) :  DEBUG (peerservice:164) - Fetching the current list of servers
2021-05-11 09:01:57,955 (7f98477fe700) :  DEBUG (networking:143) - Requesting 'http://127.0.0.1:32400/servers'
2021-05-11 09:01:57,960 (7f98477fe700) :  DEBUG (peerservice:171) - Refreshing local server
2021-05-11 09:01:57,961 (7f98477fe700) :  DEBUG (peerservice:189) - Updating servers (True/False True/True/True)
2021-05-11 09:01:57,963 (7f98477fe700) :  DEBUG (peerservice:198) - Found 1 servers
2021-05-11 09:01:57,964 (7f98477fe700) :  DEBUG (peerservice:233) - Updating existing server Plex Mac (778bafc1525ee34cda762656e6028ff3452e0b58)
2021-05-11 09:01:57,966 (7f98477fe700) :  DEBUG (networking:143) - Requesting 'http://127.0.0.1:32400/library/sections'
2021-05-11 09:01:57,973 (7f98477fe700) :  DEBUG (networking:143) - Requesting 'http://127.0.0.1:32400/channels/all'
2021-05-11 09:01:57,978 (7f9847fff700) :  DEBUG (peerservice:176) - Background-refreshing remote servers
2021-05-11 09:01:57,978 (7f98477fe700) :  DEBUG (runtime:1117) - Created a thread named 'background_refresh'
2021-05-11 09:01:57,979 (7f9847fff700) :  DEBUG (peerservice:189) - Updating servers (True/False True/True/True)
2021-05-11 09:01:57,982 (7f9847fff700) :  DEBUG (peerservice:198) - Found 1 servers
2021-05-11 09:01:57,984 (7f9847fff700) :  DEBUG (peerservice:233) - Updating existing server Plex Mac (778bafc1525ee34cda762656e6028ff3452e0b58)
2021-05-11 09:01:57,987 (7f9847fff700) :  DEBUG (networking:143) - Requesting 'http://127.0.0.1:32400/library/sections'
2021-05-11 09:01:57,995 (7f9847fff700) :  DEBUG (networking:143) - Requesting 'http://127.0.0.1:32400/channels/all'
2021-05-11 09:59:57,967 (7f9846ffd700) :  DEBUG (runtime:1156) - Starting timed thread named 'invalidation_timer'
